2022/06/01 16:25:29 ==========================================
2022/06/01 16:25:29 =======         APP START         ========
2022/06/01 16:25:29 ==========================================
2022/06/01 16:25:29 Download directory: csdb
2022/06/01 16:25:29 Checking...
2022/06/01 16:25:29 Newest ID on CSDb is 218422
2022/06/01 16:25:29 Starting with ID 218370
2022/06/01 16:25:30 Entry name: RSI Megademo Tribute
2022/06/01 16:25:30 Type: C64 Graphics
2022/06/01 16:25:30 Released by: Hokuto Force
2022/06/01 16:25:30 Entry name: Music 7
2022/06/01 16:25:30 Type: C64 Music
2022/06/01 16:25:30 Released by: Vision
2022/06/01 16:25:30 Entry name: World Charts 1
2022/06/01 16:25:30 Type: C64 Graphics
2022/06/01 16:25:30 Downloading new file https://csdb.dk/getinternalfile.php/229666/World_Charts_1.d64
2022/06/01 16:25:30 Writing to csdb\out_of_compo\C64 Graphics\Scope\World Charts 1\World_Charts_1.d64
2022/06/01 16:26:57 ==========================================
2022/06/01 16:26:57 =======         APP START         ========
2022/06/01 16:26:57 ==========================================
2022/06/01 16:26:57 Download directory: csdb
2022/06/01 16:26:57 Checking...
2022/06/01 16:26:57 Newest ID on CSDb is 218422
2022/06/01 16:26:57 Starting with ID 218372
2022/06/01 16:26:58 Entry name: Music 7
2022/06/01 16:26:58 Type: C64 Music
2022/06/01 16:26:58 Released by: Vision
2022/06/01 16:26:58 Entry name: World Charts 1
2022/06/01 16:26:58 Type: C64 Graphics
2022/06/01 16:26:58 Entry name: World Charts 2
2022/06/01 16:26:58 Type: C64 Graphics
2022/06/01 16:26:58 Downloading new file https://csdb.dk/getinternalfile.php/229667/World_Charts_2.d64
2022/06/01 16:26:58 Writing to csdb\out_of_compo\C64 Graphics\Scope\World Charts 2\World_Charts_2.d64
2022/06/01 16:27:00 Entry name: My World
2022/06/01 16:27:00 Type: C64 Graphics
2022/06/01 16:27:00 Downloading new file https://csdb.dk/getinternalfile.php/229674/My_World_taxim.d64
2022/06/01 16:27:00 Writing to csdb\out_of_compo\C64 Graphics\Taxim\My World\My_World_taxim.d64
2022/06/01 16:27:01 Entry name: Pain Remains
2022/06/01 16:27:01 Type: C64 Music
2022/06/01 16:27:01 Released by: TempesT
2022/06/01 16:27:01 Downloading new file https://csdb.dk/getinternalfile.php/229675/Premains_Taxim.d64
2022/06/01 16:27:01 Writing to csdb\out_of_compo\C64 Music\TempesT\Pain Remains\Premains_Taxim.d64
2022/06/01 16:27:02 Entry name: Utopia Version 2
2022/06/01 16:27:02 Type: C64 Music
2022/06/01 16:27:02 Released by: Civitas
2022/06/01 16:27:02 Downloading new file https://csdb.dk/getinternalfile.php/229676/Utopia_V2_Taxim.d64
2022/06/01 16:27:02 Writing to csdb\out_of_compo\C64 Music\Civitas\Utopia Version 2\Utopia_V2_Taxim.d64
2022/06/01 16:27:02 Entry name: Sanguis Et Cinis
2022/06/01 16:27:02 Type: C64 Music
2022/06/01 16:27:02 Downloading new file https://csdb.dk/getinternalfile.php/229677/S_et_Cinis_taxim.d64
2022/06/01 16:27:02 Writing to csdb\out_of_compo\C64 Music\Taxim\Sanguis Et Cinis\S_et_Cinis_taxim.d64
2022/06/01 16:27:03 Entry name: Beyond
2022/06/01 16:27:03 Type: C64 Music
2022/06/01 16:27:03 Released by: Cyberzound Productions
2022/06/01 16:27:03 Released by: Maniacs of Noise
2022/06/01 16:27:03 Downloading new file https://csdb.dk/getinternalfile.php/229678/Beyond_mon_czp.d64
2022/06/01 16:27:03 Writing to csdb\out_of_compo\C64 Music\Cyberzound Productions\Beyond\Beyond_mon_czp.d64
2022/06/01 16:27:04 Entry name: Ragged #06
2022/06/01 16:27:04 Type: C64 Diskmag
2022/06/01 16:27:04 Released by: Penis-Fucktory
2022/06/01 16:27:04 Downloading new file https://csdb.dk/getinternalfile.php/229679/ragged_6.d64
2022/06/01 16:27:04 Writing to csdb\out_of_compo\C64 Diskmag\Penis-Fucktory\Ragged #06\ragged_6.d64
2022/06/01 16:27:06 Entry name: When the Sun Goes Down
2022/06/01 16:27:06 Type: C64 Graphics
2022/06/01 16:27:06 Released by: Hokuto Force
2022/06/01 16:27:06 Released by: Nightfall
2022/06/01 16:27:06 Downloading new file https://csdb.dk/getinternalfile.php/229689/nightfall.prg
2022/06/01 16:27:06 Writing to csdb\out_of_compo\C64 Graphics\Hokuto Force\When the Sun Goes Down\nightfall.prg
2022/06/01 16:27:06 Entry name: 40 Places and 80 Spaces
2022/06/01 16:27:06 Type: C64 Demo
2022/06/01 16:27:06 Downloading new file https://csdb.dk/getinternalfile.php/229702/40places.prg
2022/06/01 16:27:06 Writing to csdb\Moonshine Dragons 2022\C64 Demo\Gordian\40 Places and 80 Spaces\40places.prg
2022/06/01 16:27:08 Entry name: Fire Intro
2022/06/01 16:27:08 Type: C64 Crack Intro
2022/06/01 16:27:08 Released by: Blazon
2022/06/01 16:27:08 Downloading new file https://csdb.dk/getinternalfile.php/229710/blz-fire-intro.prg
2022/06/01 16:27:08 Writing to csdb\out_of_compo\C64 Crack Intro\Blazon\Fire Intro\blz-fire-intro.prg
2022/06/01 16:27:09 Entry name: Koala Picture Show
2022/06/01 16:27:09 Type: C64 Graphics Collection
2022/06/01 16:27:09 Released by: User Club Darmstadt
2022/06/01 16:27:09 Downloading new file https://csdb.dk/getinternalfile.php/229713/KoalaPictureShow-UCD.d64
2022/06/01 16:27:09 Writing to csdb\out_of_compo\C64 Graphics Collection\User Club Darmstadt\Koala Picture Show\KoalaPictureShow-UCD.d64
2022/06/01 16:27:10 Entry name: Cement Show 3
2022/06/01 16:27:10 Type: C64 One-File Demo
2022/06/01 16:27:10 Released by: Cement Crew
2022/06/01 16:27:10 Downloading new file https://csdb.dk/getinternalfile.php/229714/CementShowNr3-ILC.d64
2022/06/01 16:27:10 Writing to csdb\out_of_compo\C64 One-File Demo\Cement Crew\Cement Show 3\CementShowNr3-ILC.d64
2022/06/01 16:27:12 Entry name: One Monkey and 1000 Keys
2022/06/01 16:27:12 Type: C64 Music
2022/06/01 16:27:12 Downloading new file https://csdb.dk/getinternalfile.php/229718/01_MSXcompo_Grogon_one_monkey_and_1000_keys_6581.prg
2022/06/01 16:27:12 Writing to csdb\Moonshine Dragons 2022\C64 Music\Grogon\One Monkey and 1000 Keys\01_MSXcompo_Grogon_one_monkey_and_1000_keys_6581.prg
2022/06/01 16:27:12 Entry name: Random Pixels
2022/06/01 16:27:12 Type: C64 Graphics
2022/06/01 16:27:13 Downloading new file https://csdb.dk/getinternalfile.php/229719/01_GFX_compo_Sweet_randompixels.prg
2022/06/01 16:27:13 Writing to csdb\Moonshine Dragons 2022\C64 Graphics\Sweet\Random Pixels\01_GFX_compo_Sweet_randompixels.prg
2022/06/01 16:27:13 Entry name: Griffon
2022/06/01 16:27:13 Type: C64 Graphics
2022/06/01 16:27:13 Downloading new file https://csdb.dk/getinternalfile.php/229720/09_Griffon_by_Innuendo_DLT.prg
2022/06/01 16:27:13 Writing to csdb\Moonshine Dragons 2022\C64 Graphics\Innuendo\Griffon\09_Griffon_by_Innuendo_DLT.prg
2022/06/01 16:27:13 Entry name: Mulan
2022/06/01 16:27:13 Type: C64 Graphics
2022/06/01 16:27:13 Downloading new file https://csdb.dk/getinternalfile.php/229721/10_c64_mulan.prg
2022/06/01 16:27:13 Writing to csdb\Moonshine Dragons 2022\C64 Graphics\Katoyama\Mulan\10_c64_mulan.prg
2022/06/01 16:27:14 Entry name: Amphibian
2022/06/01 16:27:14 Type: C64 Graphics
2022/06/01 16:27:14 Downloading new file https://csdb.dk/getinternalfile.php/229722/11_c64_amphibian.prg
2022/06/01 16:27:14 Writing to csdb\Moonshine Dragons 2022\C64 Graphics\Katoyama\Amphibian\11_c64_amphibian.prg
2022/06/01 16:27:14 Entry name: Confrontation
2022/06/01 16:27:14 Type: C64 Graphics
2022/06/01 16:27:14 Downloading new file https://csdb.dk/getinternalfile.php/229723/12_c64_confrontation.prg
2022/06/01 16:27:14 Writing to csdb\Moonshine Dragons 2022\C64 Graphics\Katoyama\Confrontation\12_c64_confrontation.prg
2022/06/01 16:27:15 Entry name: Tora
2022/06/01 16:27:15 Type: C64 Graphics
2022/06/01 16:27:15 Downloading new file https://csdb.dk/getinternalfile.php/229724/13_c64_Tora.prg
2022/06/01 16:27:15 Writing to csdb\Moonshine Dragons 2022\C64 Graphics\Katoyama\Tora\13_c64_Tora.prg
2022/06/01 16:27:15 Entry name: Ama
2022/06/01 16:27:15 Type: C64 Graphics
2022/06/01 16:27:15 Downloading new file https://csdb.dk/getinternalfile.php/229725/14_c64_ama.prg
2022/06/01 16:27:15 Writing to csdb\Moonshine Dragons 2022\C64 Graphics\Katoyama\Ama\14_c64_ama.prg
2022/06/01 16:27:15 Entry name: Ryuma
2022/06/01 16:27:15 Type: C64 Graphics
2022/06/01 16:27:15 Downloading new file https://csdb.dk/getinternalfile.php/229726/15_ryuma.prg
2022/06/01 16:27:15 Writing to csdb\Moonshine Dragons 2022\C64 Graphics\Katoyama\Ryuma\15_ryuma.prg
2022/06/01 16:27:16 Entry name: Ahsoka
2022/06/01 16:27:16 Type: C64 Graphics
2022/06/01 16:27:16 Downloading new file https://csdb.dk/getinternalfile.php/229727/16_c64_Ahsoka.prg
2022/06/01 16:27:16 Writing to csdb\Moonshine Dragons 2022\C64 Graphics\Katoyama\Ahsoka\16_c64_Ahsoka.prg
2022/06/01 16:27:16 Entry name: Druid Quest
2022/06/01 16:27:16 Type: C64 Graphics
2022/06/01 16:27:16 Downloading new file https://csdb.dk/getinternalfile.php/229728/17_c64_druid_quest.prg
2022/06/01 16:27:16 Writing to csdb\Moonshine Dragons 2022\C64 Graphics\Katoyama\Druid Quest\17_c64_druid_quest.prg
2022/06/01 16:27:17 Entry name: Chani
2022/06/01 16:27:17 Type: C64 Graphics
2022/06/01 16:27:17 Downloading new file https://csdb.dk/getinternalfile.php/229729/18_chani_c64.prg
2022/06/01 16:27:17 Writing to csdb\Moonshine Dragons 2022\C64 Graphics\Katoyama\Chani\18_chani_c64.prg
2022/06/01 16:27:17 Entry name: H_n_h
2022/06/01 16:27:17 Type: C64 Graphics
2022/06/01 16:27:17 Downloading new file https://csdb.dk/getinternalfile.php/229730/20_h_n_h.prg
2022/06/01 16:27:17 Writing to csdb\Moonshine Dragons 2022\C64 Graphics\Katoyama\H_n_h\20_h_n_h.prg
2022/06/01 16:27:17 Entry name: Gallahad
2022/06/01 16:27:17 Type: C64 Graphics
2022/06/01 16:27:17 Downloading new file https://csdb.dk/getinternalfile.php/229731/19_gallahad_c64.prg
2022/06/01 16:27:17 Writing to csdb\Moonshine Dragons 2022\C64 Graphics\Katoyama\Gallahad\19_gallahad_c64.prg
2022/06/01 16:27:18 Entry name: Retroid
2022/06/01 16:27:18 Type: C64 Graphics
2022/06/01 16:27:18 Downloading new file https://csdb.dk/getinternalfile.php/229732/21_retroid_c64.prg
2022/06/01 16:27:18 Writing to csdb\Moonshine Dragons 2022\C64 Graphics\Katoyama\Retroid\21_retroid_c64.prg
2022/06/01 16:27:18 Entry name: Zelda - Overworld
2022/06/01 16:27:18 Type: C64 Music
2022/06/01 16:27:18 Released by: Hokuto Force
2022/06/01 16:27:18 Downloading new file https://csdb.dk/getinternalfile.php/229734/zelda_overworld.sid
2022/06/01 16:27:18 Writing to csdb\out_of_compo\C64 Music\Hokuto Force\Zelda - Overworld\zelda_overworld.sid
2022/06/01 16:27:18 Downloading new file https://csdb.dk/getinternalfile.php/229733/zelda-overworld.prg
2022/06/01 16:27:18 Writing to csdb\out_of_compo\C64 Music\Hokuto Force\Zelda - Overworld\zelda-overworld.prg
2022/06/01 16:27:19 ==========================================
2022/06/01 16:27:19 =======          APP END.         ========
2022/06/01 16:27:19 ==========================================
2022/06/01 16:28:11 ==========================================
2022/06/01 16:28:11 =======         APP START         ========
2022/06/01 16:28:11 ==========================================
2022/06/01 16:28:11 Download directory: csdb
2022/06/01 16:28:11 Checking...
2022/06/01 16:28:11 Newest ID on CSDb is 218422
2022/06/01 16:28:11 Starting with ID 218000
2022/06/01 16:28:11 Entry name: FBI Logo
2022/06/01 16:28:11 Type: C64 Graphics
2022/06/01 16:28:11 Released by: Kiss
2022/06/01 16:28:11 Downloading new file https://csdb.dk/getinternalfile.php/229212/Fbi_Logo.d64
2022/06/01 16:28:11 Writing to csdb\out_of_compo\C64 Graphics\Kiss\FBI Logo\Fbi_Logo.d64
2022/06/01 16:28:12 Entry name: Tatro
2022/06/01 16:28:12 Type: C64 Intro
2022/06/01 16:28:12 Released by: Brand-X
2022/06/01 16:28:12 Downloading new file https://csdb.dk/getinternalfile.php/229213/Tatro.d64
2022/06/01 16:28:12 Writing to csdb\out_of_compo\C64 Intro\Brand-X\Tatro\Tatro.d64
2022/06/01 16:28:14 Entry name: 5th Demo
2022/06/01 16:28:14 Type: C64 One-File Demo
2022/06/01 16:28:14 Released by: Jealous
2022/06/01 16:28:14 Downloading new file https://csdb.dk/getinternalfile.php/229218/5th_demo_jls.d64
2022/06/01 16:28:14 Writing to csdb\out_of_compo\C64 One-File Demo\Jealous\5th Demo\5th_demo_jls.d64
2022/06/01 16:28:16 Entry name: New Logo
2022/06/01 16:28:16 Type: C64 Graphics
2022/06/01 16:28:16 Released by: Asphuxia
2022/06/01 16:28:16 Downloading new file https://csdb.dk/getinternalfile.php/229227/New_Logo_Apx.d64
2022/06/01 16:28:16 Writing to csdb\out_of_compo\C64 Graphics\Asphuxia\New Logo\New_Logo_Apx.d64
2022/06/01 16:28:17 Entry name: New Logo 1
2022/06/01 16:28:17 Type: C64 Graphics
2022/06/01 16:28:17 Released by: Asphuxia
2022/06/01 16:28:17 Downloading new file https://csdb.dk/getinternalfile.php/229228/New_Logo_1__apx.d64
2022/06/01 16:28:17 Writing to csdb\out_of_compo\C64 Graphics\Asphuxia\New Logo 1\New_Logo_1__apx.d64
2022/06/01 16:28:17 Entry name: Intro V9.1 Preview
2022/06/01 16:28:17 Type: C64 Intro
2022/06/01 16:28:17 Downloading new file https://csdb.dk/getinternalfile.php/229229/Intro_V91_tsd.d64
2022/06/01 16:28:17 Writing to csdb\out_of_compo\C64 Intro\The Skyline Duo\Intro V9.1 Preview\Intro_V91_tsd.d64
2022/06/01 16:28:18 Entry name: Fuck U MTV
2022/06/01 16:28:18 Type: C64 One-File Demo
2022/06/01 16:28:18 Released by: Extasy
2022/06/01 16:28:18 Downloading new file https://csdb.dk/getinternalfile.php/229230/Fuck_U_Mtv_xtc.d64
2022/06/01 16:28:18 Writing to csdb\out_of_compo\C64 One-File Demo\Extasy\Fuck U MTV\Fuck_U_Mtv_xtc.d64
2022/06/01 16:28:19 Entry name: Short Intro V1.0
2022/06/01 16:28:19 Type: C64 Intro
2022/06/01 16:28:19 Released by: Squadron
2022/06/01 16:28:19 Downloading new file https://csdb.dk/getinternalfile.php/229233/short_intro_sqn.d64
2022/06/01 16:28:19 Writing to csdb\out_of_compo\C64 Intro\Squadron\Short Intro V1.0\short_intro_sqn.d64
2022/06/01 16:28:20 Entry name: Say The True Number One
2022/06/01 16:28:20 Type: C64 Diskmag
2022/06/01 16:28:20 Released by: Squadron
2022/06/01 16:28:20 Downloading new file https://csdb.dk/getinternalfile.php/229234/Say_The_True_sqn.d64
2022/06/01 16:28:20 Writing to csdb\out_of_compo\C64 Diskmag\Squadron\Say The True Number One\Say_The_True_sqn.d64
2022/06/01 16:28:20 Entry name: 5th Intro
2022/06/01 16:28:20 Type: C64 Intro
2022/06/01 16:28:20 Released by: Soldiers of Creasing Sun
2022/06/01 16:28:20 Downloading new file https://csdb.dk/getinternalfile.php/229235/5th_Intro_Scs.d64
2022/06/01 16:28:20 Writing to csdb\out_of_compo\C64 Intro\Soldiers of Creasing Sun\5th Intro\5th_Intro_Scs.d64
2022/06/01 16:28:21 Entry name: Logiez
2022/06/01 16:28:21 Type: C64 Intro
2022/06/01 16:28:21 Released by: Soldiers of Creasing Sun
2022/06/01 16:28:21 Downloading new file https://csdb.dk/getinternalfile.php/229236/Logiez_scs.d64
2022/06/01 16:28:21 Writing to csdb\out_of_compo\C64 Intro\Soldiers of Creasing Sun\Logiez\Logiez_scs.d64
2022/06/01 16:28:21 Entry name: First One
2022/06/01 16:28:21 Type: C64 One-File Demo
2022/06/01 16:28:21 Released by: Digitech
2022/06/01 16:28:21 Downloading new file https://csdb.dk/getinternalfile.php/229237/First_One_dt.d64
2022/06/01 16:28:21 Writing to csdb\out_of_compo\C64 One-File Demo\Digitech\First One\First_One_dt.d64
2022/06/01 16:28:22 Entry name: Subterranea
2022/06/01 16:28:22 Type: C64 Graphics
2022/06/01 16:28:22 Downloading new file https://csdb.dk/getinternalfile.php/229238/subterranea.prg
2022/06/01 16:28:22 Writing to csdb\out_of_compo\C64 Graphics\4gentE\Subterranea\subterranea.prg
2022/06/01 16:28:24 Entry name: Greetinx
2022/06/01 16:28:24 Type: C64 Charts
2022/06/01 16:28:24 Released by: Atrix
2022/06/01 16:28:24 Downloading new file https://csdb.dk/getinternalfile.php/229244/Greetsaxbd.d64
2022/06/01 16:28:24 Writing to csdb\out_of_compo\C64 Charts\Atrix\Greetinx\Greetsaxbd.d64
2022/06/01 16:28:24 Entry name: Logo 4 JDS
2022/06/01 16:28:24 Type: C64 Graphics
2022/06/01 16:28:24 Released by: Ahead
2022/06/01 16:28:24 Downloading new file https://csdb.dk/getinternalfile.php/229245/Logo_For_Jdsahd.d64
2022/06/01 16:28:24 Writing to csdb\out_of_compo\C64 Graphics\Ahead\Logo 4 JDS\Logo_For_Jdsahd.d64
2022/06/01 16:28:26 Entry name: True History
2022/06/01 16:28:26 Type: C64 One-File Demo
2022/06/01 16:28:26 Released by: Squadron
2022/06/01 16:28:26 Downloading new file https://csdb.dk/getinternalfile.php/229277/True_History_sqn.d64
2022/06/01 16:28:26 Writing to csdb\out_of_compo\C64 One-File Demo\Squadron\True History\True_History_sqn.d64
2022/06/01 16:28:26 Entry name: To Be a Real Spreader
2022/06/01 16:28:26 Type: C64 One-File Demo
2022/06/01 16:28:26 Released by: Squadron
2022/06/01 16:28:26 Downloading new file https://csdb.dk/getinternalfile.php/229278/Tba_spreader_sqn.d64
2022/06/01 16:28:26 Writing to csdb\out_of_compo\C64 One-File Demo\Squadron\To Be a Real Spreader\Tba_spreader_sqn.d64
2022/06/01 16:28:27 Entry name: Just a Logo For U
2022/06/01 16:28:27 Type: C64 Graphics
2022/06/01 16:28:27 Released by: Contex
2022/06/01 16:28:27 Downloading new file https://csdb.dk/getinternalfile.php/229280/Just_A_Logo_4_U.d64
2022/06/01 16:28:27 Writing to csdb\out_of_compo\C64 Graphics\Contex\Just a Logo For U\Just_A_Logo_4_U.d64
2022/06/01 16:28:28 Entry name: Flex's Rankings
2022/06/01 16:28:28 Type: C64 Charts
2022/06/01 16:28:28 Released by: Contex
2022/06/01 16:28:28 Downloading new file https://csdb.dk/getinternalfile.php/229281/The_Best_In_May.d64
2022/06/01 16:28:28 Writing to csdb\out_of_compo\C64 Charts\Contex\Flex's Rankings\The_Best_In_May.d64
2022/06/01 16:28:28 Entry name: A Little Pice of Code
2022/06/01 16:28:28 Type: C64 One-File Demo
2022/06/01 16:28:28 Released by: The Scanners
2022/06/01 16:28:28 Downloading new file https://csdb.dk/getinternalfile.php/229282/Little_Pice.d64
2022/06/01 16:28:28 Writing to csdb\out_of_compo\C64 One-File Demo\The Scanners\A Little Pice of Code\Little_Pice.d64
2022/06/01 16:28:29 Entry name: Oktober Ranx
2022/06/01 16:28:29 Type: C64 Charts
2022/06/01 16:28:29 Released by: The Scanners
2022/06/01 16:28:29 Downloading new file https://csdb.dk/getinternalfile.php/229283/Okt_ranx_tsc.d64
2022/06/01 16:28:29 Writing to csdb\out_of_compo\C64 Charts\The Scanners\Oktober Ranx\Okt_ranx_tsc.d64
2022/06/01 16:28:29 Entry name: New Intro 7
2022/06/01 16:28:29 Type: C64 Intro
2022/06/01 16:28:29 Released by: Atrix
2022/06/01 16:28:29 Downloading new file https://csdb.dk/getinternalfile.php/229284/New_Intro_7ax.d64
2022/06/01 16:28:29 Writing to csdb\out_of_compo\C64 Intro\Atrix\New Intro 7\New_Intro_7ax.d64
2022/06/01 16:28:30 Entry name: Sodom Intro 1
2022/06/01 16:28:30 Type: C64 Intro
2022/06/01 16:28:30 Released by: Sodom
2022/06/01 16:28:30 Downloading new file https://csdb.dk/getinternalfile.php/229285/Sodom_Intro_1.d64
2022/06/01 16:28:30 Writing to csdb\out_of_compo\C64 Intro\Sodom\Sodom Intro 1\Sodom_Intro_1.d64
2022/06/01 16:28:30 Entry name: Sodom Intro 2
2022/06/01 16:28:30 Type: C64 Intro
2022/06/01 16:28:30 Released by: Sodom
2022/06/01 16:28:30 Downloading new file https://csdb.dk/getinternalfile.php/229286/Sodom_Intro_2.d64
2022/06/01 16:28:30 Writing to csdb\out_of_compo\C64 Intro\Sodom\Sodom Intro 2\Sodom_Intro_2.d64
2022/06/01 16:28:31 Entry name: Sodom Intro 3
2022/06/01 16:28:31 Type: C64 Intro
2022/06/01 16:28:31 Released by: Sodom
2022/06/01 16:28:31 Downloading new file https://csdb.dk/getinternalfile.php/229287/Sodom_Intro_3.d64
2022/06/01 16:28:31 Writing to csdb\out_of_compo\C64 Intro\Sodom\Sodom Intro 3\Sodom_Intro_3.d64
2022/06/01 16:28:31 Entry name: Sodom Intro 4
2022/06/01 16:28:31 Type: C64 Intro
2022/06/01 16:28:31 Released by: Sodom
2022/06/01 16:28:31 Downloading new file https://csdb.dk/getinternalfile.php/229288/Sodom_Intro_4.d64
2022/06/01 16:28:31 Writing to csdb\out_of_compo\C64 Intro\Sodom\Sodom Intro 4\Sodom_Intro_4.d64
2022/06/01 16:28:32 Entry name: Sodom Logo 1
2022/06/01 16:28:32 Type: C64 Graphics
2022/06/01 16:28:32 Released by: United Artists
2022/06/01 16:28:32 Downloading new file https://csdb.dk/getinternalfile.php/229289/Sodom_Logo_1.d64
2022/06/01 16:28:32 Writing to csdb\out_of_compo\C64 Graphics\United Artists\Sodom Logo 1\Sodom_Logo_1.d64
2022/06/01 16:28:32 Entry name: Sodom Logo 2
2022/06/01 16:28:32 Type: C64 Intro
2022/06/01 16:28:32 Released by: Sodom
2022/06/01 16:28:32 Downloading new file https://csdb.dk/getinternalfile.php/229290/Sodom_Logo_2.d64
2022/06/01 16:28:32 Writing to csdb\out_of_compo\C64 Intro\Sodom\Sodom Logo 2\Sodom_Logo_2.d64
2022/06/01 16:28:33 Entry name: November Rankinx
2022/06/01 16:28:33 Type: C64 Charts
2022/06/01 16:28:33 Released by: Sodom
2022/06/01 16:28:33 Downloading new file https://csdb.dk/getinternalfile.php/229293/November_Rankinx.d64
2022/06/01 16:28:33 Writing to csdb\out_of_compo\C64 Charts\Sodom\November Rankinx\November_Rankinx.d64
2022/06/01 16:28:33 Entry name: Saga Logo
2022/06/01 16:28:33 Type: C64 Graphics
2022/06/01 16:28:33 Released by: Sodom
2022/06/01 16:28:33 Downloading new file https://csdb.dk/getinternalfile.php/229294/Logo_For_Saga.d64
2022/06/01 16:28:33 Writing to csdb\out_of_compo\C64 Graphics\Sodom\Saga Logo\Logo_For_Saga.d64
2022/06/01 16:28:34 Entry name: Logo for Sodom
2022/06/01 16:28:34 Type: C64 Graphics
2022/06/01 16:28:34 Released by: Sodom
2022/06/01 16:28:34 Downloading new file https://csdb.dk/getinternalfile.php/229295/Logo_For_Sodom.d64
2022/06/01 16:28:34 Writing to csdb\out_of_compo\C64 Graphics\Sodom\Logo for Sodom\Logo_For_Sodom.d64
2022/06/01 16:28:34 Entry name: Logo 4 TAT
2022/06/01 16:28:34 Type: C64 Graphics
2022/06/01 16:28:34 Released by: Sodom
2022/06/01 16:28:34 Downloading new file https://csdb.dk/getinternalfile.php/229296/Logo_For_Tat.d64
2022/06/01 16:28:34 Writing to csdb\out_of_compo\C64 Graphics\Sodom\Logo 4 TAT\Logo_For_Tat.d64
2022/06/01 16:28:35 Entry name: Logo 4 Sodom 2
2022/06/01 16:28:35 Type: C64 Graphics
2022/06/01 16:28:35 Released by: Crypt
2022/06/01 16:28:35 Downloading new file https://csdb.dk/getinternalfile.php/229297/Logo_For_Sodom_2.d64
2022/06/01 16:28:35 Writing to csdb\out_of_compo\C64 Graphics\Crypt\Logo 4 Sodom 2\Logo_For_Sodom_2.d64
2022/06/01 16:28:35 Entry name: Logo For Easy
2022/06/01 16:28:35 Type: C64 Graphics
2022/06/01 16:28:35 Released by: Crypt
2022/06/01 16:28:35 Downloading new file https://csdb.dk/getinternalfile.php/229298/Logo_For_Easy.d64
2022/06/01 16:28:35 Writing to csdb\out_of_compo\C64 Graphics\Crypt\Logo For Easy\Logo_For_Easy.d64
2022/06/01 16:28:36 Entry name: Ranks 43+44
2022/06/01 16:28:36 Type: C64 Charts
2022/06/01 16:28:36 Released by: Opal
2022/06/01 16:28:36 Downloading new file https://csdb.dk/getinternalfile.php/229302/Ranks_4344opal.d64
2022/06/01 16:28:36 Writing to csdb\out_of_compo\C64 Charts\Opal\Ranks 43+44\Ranks_4344opal.d64
2022/06/01 16:28:37 Entry name: Fidl Ranx
2022/06/01 16:28:37 Type: C64 Charts
2022/06/01 16:28:37 Released by: The Discmonsters
2022/06/01 16:28:37 Downloading new file https://csdb.dk/getinternalfile.php/229303/Fidl_Ranx_Tdm.d64
2022/06/01 16:28:37 Writing to csdb\out_of_compo\C64 Charts\The Discmonsters\Fidl Ranx\Fidl_Ranx_Tdm.d64
2022/06/01 16:28:37 Entry name: TAT Logo
2022/06/01 16:28:37 Type: C64 Graphics
2022/06/01 16:28:37 Released by: Unicess
2022/06/01 16:28:37 Downloading new file https://csdb.dk/getinternalfile.php/229304/tat_logo.d64
2022/06/01 16:28:37 Writing to csdb\out_of_compo\C64 Graphics\Unicess\TAT Logo\tat_logo.d64
2022/06/01 16:28:38 Entry name: Trading Demo
2022/06/01 16:28:38 Type: C64 One-File Demo
2022/06/01 16:28:38 Released by: The Ancient Temple
2022/06/01 16:28:38 Released by: Dynamic Duo
2022/06/01 16:28:38 Downloading new file https://csdb.dk/getinternalfile.php/229305/Trading_Demo_dd.d64
2022/06/01 16:28:38 Writing to csdb\out_of_compo\C64 One-File Demo\The Ancient Temple\Trading Demo\Trading_Demo_dd.d64
2022/06/01 16:28:38 Entry name: Squadron Logo 2
2022/06/01 16:28:38 Type: C64 Graphics
2022/06/01 16:28:38 Released by: Dynamic Duo
2022/06/01 16:28:38 Downloading new file https://csdb.dk/getinternalfile.php/229306/Squadronlogo_02.d64
2022/06/01 16:28:38 Writing to csdb\out_of_compo\C64 Graphics\Dynamic Duo\Squadron Logo 2\Squadronlogo_02.d64
2022/06/01 16:28:39 Entry name: Cosmix Logo
2022/06/01 16:28:39 Type: C64 Graphics
2022/06/01 16:28:39 Released by: Dynamic Duo
2022/06/01 16:28:39 Downloading new file https://csdb.dk/getinternalfile.php/229307/Cosmixlogo_01_.d64
2022/06/01 16:28:39 Writing to csdb\out_of_compo\C64 Graphics\Dynamic Duo\Cosmix Logo\Cosmixlogo_01_.d64
2022/06/01 16:28:39 Entry name: Zoom Logo 1
2022/06/01 16:28:39 Type: C64 Graphics
2022/06/01 16:28:39 Released by: Dynamic Duo
2022/06/01 16:28:39 Downloading new file https://csdb.dk/getinternalfile.php/229308/Zoom_Logo_01_dd.d64
2022/06/01 16:28:39 Writing to csdb\out_of_compo\C64 Graphics\Dynamic Duo\Zoom Logo 1\Zoom_Logo_01_dd.d64
2022/06/01 16:28:40 Entry name: Atomic Circle
2022/06/01 16:28:40 Type: C64 Graphics
2022/06/01 16:28:40 Released by: Dynamic Duo
2022/06/01 16:28:40 Downloading new file https://csdb.dk/getinternalfile.php/229309/Atomic_C_logo_1.d64
2022/06/01 16:28:40 Writing to csdb\out_of_compo\C64 Graphics\Dynamic Duo\Atomic Circle\Atomic_C_logo_1.d64
2022/06/01 16:28:40 Entry name: Powerzone Logo 2
2022/06/01 16:28:40 Type: C64 Graphics
2022/06/01 16:28:40 Released by: Dynamic Duo
2022/06/01 16:28:40 Downloading new file https://csdb.dk/getinternalfile.php/229310/Powerzonelogo_2.d64
2022/06/01 16:28:40 Writing to csdb\out_of_compo\C64 Graphics\Dynamic Duo\Powerzone Logo 2\Powerzonelogo_2.d64
2022/06/01 16:28:41 Entry name: Legal Trading Demo
2022/06/01 16:28:41 Type: C64 One-File Demo
2022/06/01 16:28:41 Released by: Dynamic Duo
2022/06/01 16:28:41 Downloading new file https://csdb.dk/getinternalfile.php/229311/Legaltrading_dd.d64
2022/06/01 16:28:41 Writing to csdb\out_of_compo\C64 One-File Demo\Dynamic Duo\Legal Trading Demo\Legaltrading_dd.d64
2022/06/01 16:28:41 Entry name: Just Friends
2022/06/01 16:28:41 Type: C64 One-File Demo
2022/06/01 16:28:41 Released by: Happy Campers United
2022/06/01 16:28:41 Downloading new file https://csdb.dk/getinternalfile.php/229312/Just_Friends_hcu.d64
2022/06/01 16:28:41 Writing to csdb\out_of_compo\C64 One-File Demo\Happy Campers United\Just Friends\Just_Friends_hcu.d64
2022/06/01 16:28:41 Entry name: South of Hell
2022/06/01 16:28:41 Type: C64 One-File Demo
2022/06/01 16:28:41 Downloading new file https://csdb.dk/getinternalfile.php/229313/South_Of_Hell.d64
2022/06/01 16:28:41 Writing to csdb\out_of_compo\C64 One-File Demo\Megabyte\South of Hell\South_Of_Hell.d64
2022/06/01 16:28:42 Entry name: Dynamic Duo 01
2022/06/01 16:28:42 Type: C64 Graphics
2022/06/01 16:28:42 Released by: Dynamic Duo
2022/06/01 16:28:42 Downloading new file https://csdb.dk/getinternalfile.php/229315/Dynamic_Duo_01.d64
2022/06/01 16:28:42 Writing to csdb\out_of_compo\C64 Graphics\Dynamic Duo\Dynamic Duo 01\Dynamic_Duo_01.d64
2022/06/01 16:28:43 Entry name: Dynamic Duo 02
2022/06/01 16:28:43 Type: C64 Graphics
2022/06/01 16:28:43 Released by: Dynamic Duo
2022/06/01 16:28:43 Downloading new file https://csdb.dk/getinternalfile.php/229316/Dynamic_Duo_02_.d64
2022/06/01 16:28:43 Writing to csdb\out_of_compo\C64 Graphics\Dynamic Duo\Dynamic Duo 02\Dynamic_Duo_02_.d64
2022/06/01 16:28:43 Entry name: Dynamic Duo 03
2022/06/01 16:28:43 Type: C64 Graphics
2022/06/01 16:28:43 Released by: Dynamic Duo
2022/06/01 16:28:43 Downloading new file https://csdb.dk/getinternalfile.php/229317/Dynamic_Duo_03_.d64
2022/06/01 16:28:43 Writing to csdb\out_of_compo\C64 Graphics\Dynamic Duo\Dynamic Duo 03\Dynamic_Duo_03_.d64
2022/06/01 16:28:44 Entry name: Ahead Logo 01
2022/06/01 16:28:44 Type: C64 Graphics
2022/06/01 16:28:44 Released by: Dynamic Duo
2022/06/01 16:28:44 Downloading new file https://csdb.dk/getinternalfile.php/229318/Ahead_logo_01.d64
2022/06/01 16:28:44 Writing to csdb\out_of_compo\C64 Graphics\Dynamic Duo\Ahead Logo 01\Ahead_logo_01.d64
2022/06/01 16:28:47 Entry name: TAT Logo 01
2022/06/01 16:28:47 Type: C64 Graphics
2022/06/01 16:28:47 Released by: Dynamic Duo
2022/06/01 16:28:47 Downloading new file https://csdb.dk/getinternalfile.php/229332/Tatlogo_01.d64
2022/06/01 16:28:47 Writing to csdb\out_of_compo\C64 Graphics\Dynamic Duo\TAT Logo 01\Tatlogo_01.d64
2022/06/01 16:28:47 Entry name: Powerzone Logo 1
2022/06/01 16:28:47 Type: C64 Graphics
2022/06/01 16:28:47 Released by: Dynamic Duo
2022/06/01 16:28:47 Downloading new file https://csdb.dk/getinternalfile.php/229333/Powerzone_logo_1.d64
2022/06/01 16:28:47 Writing to csdb\out_of_compo\C64 Graphics\Dynamic Duo\Powerzone Logo 1\Powerzone_logo_1.d64
2022/06/01 16:28:48 Entry name: Welcome Jerker
2022/06/01 16:28:48 Type: C64 One-File Demo
2022/06/01 16:28:48 Released by: Dynamic Duo
2022/06/01 16:28:48 Downloading new file https://csdb.dk/getinternalfile.php/229334/Welcome_Jerker.d64
2022/06/01 16:28:48 Writing to csdb\out_of_compo\C64 One-File Demo\Dynamic Duo\Welcome Jerker\Welcome_Jerker.d64
2022/06/01 16:28:48 Entry name: Muzak-Ripp 01
2022/06/01 16:28:48 Type: C64 Music
2022/06/01 16:28:48 Released by: Dynamic Duo
2022/06/01 16:28:48 Downloading new file https://csdb.dk/getinternalfile.php/229335/Muzakripp_01_dd.d64
2022/06/01 16:28:48 Writing to csdb\out_of_compo\C64 Music\Dynamic Duo\Muzak-Ripp 01\Muzakripp_01_dd.d64
2022/06/01 16:28:49 Entry name: December Ranx
2022/06/01 16:28:49 Type: C64 Charts
2022/06/01 16:28:49 Released by: Dynamic Duo
2022/06/01 16:28:49 Downloading new file https://csdb.dk/getinternalfile.php/229336/December_Ranx_dd.d64
2022/06/01 16:28:49 Writing to csdb\out_of_compo\C64 Charts\Dynamic Duo\December Ranx\December_Ranx_dd.d64
2022/06/01 16:28:52 Entry name: Dynamic Duo 04
2022/06/01 16:28:52 Type: C64 Graphics
2022/06/01 16:28:52 Released by: Dynamic Duo
2022/06/01 16:28:52 Downloading new file https://csdb.dk/getinternalfile.php/229347/Dynamic_Duo_04.d64
2022/06/01 16:28:52 Writing to csdb\out_of_compo\C64 Graphics\Dynamic Duo\Dynamic Duo 04\Dynamic_Duo_04.d64
2022/06/01 16:28:53 Entry name: First DYCP
2022/06/01 16:28:53 Type: C64 One-File Demo
2022/06/01 16:28:53 Released by: Raiders of the Lost Empire
2022/06/01 16:28:53 Downloading new file https://csdb.dk/getinternalfile.php/229349/First_Dycp_role.d64
2022/06/01 16:28:53 Writing to csdb\out_of_compo\C64 One-File Demo\Raiders of the Lost Empire\First DYCP\First_Dycp_role.d64
2022/06/01 16:28:54 Entry name: New Intro 4 Role
2022/06/01 16:28:54 Type: C64 Intro
2022/06/01 16:28:54 Released by: Raiders of the Lost Empire
2022/06/01 16:28:54 Downloading new file https://csdb.dk/getinternalfile.php/229351/New_Intro_4_Role.d64
2022/06/01 16:28:54 Writing to csdb\out_of_compo\C64 Intro\Raiders of the Lost Empire\New Intro 4 Role\New_Intro_4_Role.d64
2022/06/01 16:28:56 Entry name: Vision Logo
2022/06/01 16:28:56 Type: C64 Graphics
2022/06/01 16:28:56 Released by: Sex Express
2022/06/01 16:28:56 Downloading new file https://csdb.dk/getinternalfile.php/229356/Vision_Logo_Sex.d64
2022/06/01 16:28:56 Writing to csdb\out_of_compo\C64 Graphics\Sex Express\Vision Logo\Vision_Logo_Sex.d64
2022/06/01 16:28:56 Entry name: Connor's Ranx Week 36
2022/06/01 16:28:56 Type: C64 Charts
2022/06/01 16:28:56 Released by: Chaos #1
2022/06/01 16:28:56 Downloading new file https://csdb.dk/getinternalfile.php/229357/Week_36_Chaos.d64
2022/06/01 16:28:56 Writing to csdb\out_of_compo\C64 Charts\Chaos #1\Connor's Ranx Week 36\Week_36_Chaos.d64
2022/06/01 16:28:57 Entry name: Digital Classics 1
2022/06/01 16:28:57 Type: C64 Music Collection
2022/06/01 16:28:57 Downloading new file https://csdb.dk/getinternalfile.php/229376/Digital_Classics-MKCS.zip
2022/06/01 16:28:57 Writing to csdb\out_of_compo\C64 Music Collection\M.K.C.S.\Digital Classics 1\Digital_Classics-MKCS.zip
2022/06/01 16:28:57 Extracting from ZIP: Digital_Classics_Side1.d64
2022/06/01 16:28:57 Writing extracted file csdb\out_of_compo\C64 Music Collection\M.K.C.S.\Digital Classics 1\Digital_Classics_Side1.d64
2022/06/01 16:28:57 Extracting from ZIP: Digital_Classics_Side2.d64
2022/06/01 16:28:57 Writing extracted file csdb\out_of_compo\C64 Music Collection\M.K.C.S.\Digital Classics 1\Digital_Classics_Side2.d64
2022/06/01 16:28:58 Entry name: Music Collection Part I
2022/06/01 16:28:58 Type: C64 Music Collection
2022/06/01 16:28:58 Released by: Sophisticated Studios of Wonders
2022/06/01 16:28:58 Downloading new file https://csdb.dk/getinternalfile.php/229361/Music-Collection-Part-I-SSW.d64
2022/06/01 16:28:58 Writing to csdb\out_of_compo\C64 Music Collection\Sophisticated Studios of Wonders\Music Collection Part I\Music-Collection-Part-I-SSW.d64
2022/06/01 16:28:58 Entry name: X-Mas Dub
2022/06/01 16:28:58 Type: C64 Music
2022/06/01 16:28:58 Released by: Sophisticated Studios of Wonders
2022/06/01 16:28:58 Downloading new file https://csdb.dk/getinternalfile.php/229362/X-Mas-Dub-SSW.d64
2022/06/01 16:28:58 Writing to csdb\out_of_compo\C64 Music\Sophisticated Studios of Wonders\X-Mas Dub\X-Mas-Dub-SSW.d64
2022/06/01 16:28:59 Entry name: Bleifreies Bier
2022/06/01 16:28:59 Type: C64 Music
2022/06/01 16:28:59 Released by: Presence
2022/06/01 16:28:59 Downloading new file https://csdb.dk/getinternalfile.php/229364/Bleifreies-Bier-PSC.d64
2022/06/01 16:28:59 Writing to csdb\out_of_compo\C64 Music\Presence\Bleifreies Bier\Bleifreies-Bier-PSC.d64
2022/06/01 16:28:59 Entry name: El Dio Ranx
2022/06/01 16:28:59 Type: C64 Charts
2022/06/01 16:28:59 Released by: The Force
2022/06/01 16:28:59 Downloading new file https://csdb.dk/getinternalfile.php/229365/el_Dio_ranx.d64
2022/06/01 16:28:59 Writing to csdb\out_of_compo\C64 Charts\The Force\El Dio Ranx\el_Dio_ranx.d64
2022/06/01 16:29:00 Entry name: Funky Bass
2022/06/01 16:29:00 Type: C64 Music
2022/06/01 16:29:00 Released by: Presence
2022/06/01 16:29:00 Downloading new file https://csdb.dk/getinternalfile.php/229366/Funky-Bass-PSC.d64
2022/06/01 16:29:00 Writing to csdb\out_of_compo\C64 Music\Presence\Funky Bass\Funky-Bass-PSC.d64
2022/06/01 16:29:00 Entry name: Intro Music 1
2022/06/01 16:29:00 Type: C64 Music
2022/06/01 16:29:00 Released by: Sidchip Scratchers
2022/06/01 16:29:00 Downloading new file https://csdb.dk/getinternalfile.php/229368/Intro_Music_1_scs.d64
2022/06/01 16:29:00 Writing to csdb\out_of_compo\C64 Music\Sidchip Scratchers\Intro Music 1\Intro_Music_1_scs.d64
2022/06/01 16:29:01 Entry name: Running Shadow
2022/06/01 16:29:01 Type: C64 Music
2022/06/01 16:29:01 Released by: Presence
2022/06/01 16:29:01 Downloading new file https://csdb.dk/getinternalfile.php/229369/Running-Shadow-PSC.d64
2022/06/01 16:29:01 Writing to csdb\out_of_compo\C64 Music\Presence\Running Shadow\Running-Shadow-PSC.d64
2022/06/01 16:29:01 Entry name: Intro Music 2
2022/06/01 16:29:01 Type: C64 Music
2022/06/01 16:29:01 Released by: Sidchip Scratchers
2022/06/01 16:29:01 Downloading new file https://csdb.dk/getinternalfile.php/229370/Intro_Music_2tf.d64
2022/06/01 16:29:01 Writing to csdb\out_of_compo\C64 Music\Sidchip Scratchers\Intro Music 2\Intro_Music_2tf.d64
2022/06/01 16:29:02 Entry name: Vangelis My Love
2022/06/01 16:29:02 Type: C64 One-File Demo
2022/06/01 16:29:02 Released by: Cyber Design
2022/06/01 16:29:02 Downloading new file https://csdb.dk/getinternalfile.php/229407/kuno5kuno.prg
2022/06/01 16:29:02 Writing to csdb\out_of_compo\C64 One-File Demo\Cyber Design\Vangelis My Love\kuno5kuno.prg
2022/06/01 16:29:02 Entry name: The Sad End
2022/06/01 16:29:02 Type: C64 Music
2022/06/01 16:29:02 Released by: Presence
2022/06/01 16:29:02 Downloading new file https://csdb.dk/getinternalfile.php/229372/The-Sad-End-PSC.d64
2022/06/01 16:29:02 Writing to csdb\out_of_compo\C64 Music\Presence\The Sad End\The-Sad-End-PSC.d64
2022/06/01 16:29:02 Entry name: Kotos Return
2022/06/01 16:29:02 Type: C64 Music
2022/06/01 16:29:02 Released by: Presence
2022/06/01 16:29:02 Downloading new file https://csdb.dk/getinternalfile.php/229373/Kotos-Return-PSC.d64
2022/06/01 16:29:02 Writing to csdb\out_of_compo\C64 Music\Presence\Kotos Return\Kotos-Return-PSC.d64
2022/06/01 16:29:03 Entry name: A Fistful of Beskar
2022/06/01 16:29:03 Type: C64 Music
2022/06/01 16:29:03 Released by: Hokuto Force
2022/06/01 16:29:03 Downloading new file https://csdb.dk/getinternalfile.php/229378/A_Fistful_of_Beskar.sid
2022/06/01 16:29:03 Writing to csdb\out_of_compo\C64 Music\Hokuto Force\A Fistful of Beskar\A_Fistful_of_Beskar.sid
2022/06/01 16:29:03 Downloading new file https://csdb.dk/getinternalfile.php/229377/A_Fistful_of_Beskar.prg
2022/06/01 16:29:03 Writing to csdb\out_of_compo\C64 Music\Hokuto Force\A Fistful of Beskar\A_Fistful_of_Beskar.prg
2022/06/01 16:29:04 Entry name: FGZ Tune Demo I
2022/06/01 16:29:04 Type: C64 One-File Demo
2022/06/01 16:29:04 Released by: FGZ
2022/06/01 16:29:04 Downloading new file https://csdb.dk/getinternalfile.php/229381/FGZ_Tune_Demo_1-FGZ.d64
2022/06/01 16:29:04 Writing to csdb\out_of_compo\C64 One-File Demo\FGZ\FGZ Tune Demo I\FGZ_Tune_Demo_1-FGZ.d64
2022/06/01 16:29:05 Entry name: FGZ Tune Demo II
2022/06/01 16:29:05 Type: C64 One-File Demo
2022/06/01 16:29:05 Released by: FGZ
2022/06/01 16:29:05 Downloading new file https://csdb.dk/getinternalfile.php/229382/FGZ_Tune_Demo_2-FGZ.d64
2022/06/01 16:29:05 Writing to csdb\out_of_compo\C64 One-File Demo\FGZ\FGZ Tune Demo II\FGZ_Tune_Demo_2-FGZ.d64
2022/06/01 16:29:05 Entry name: The Sound From Thrust
2022/06/01 16:29:05 Type: C64 One-File Demo
2022/06/01 16:29:05 Released by: FGZ
2022/06/01 16:29:05 Downloading new file https://csdb.dk/getinternalfile.php/229383/TheSoundFromThrust-FGZ.d64
2022/06/01 16:29:05 Writing to csdb\out_of_compo\C64 One-File Demo\FGZ\The Sound From Thrust\TheSoundFromThrust-FGZ.d64
2022/06/01 16:29:05 Entry name: FGZ Demo One
2022/06/01 16:29:05 Type: C64 One-File Demo
2022/06/01 16:29:05 Released by: FGZ
2022/06/01 16:29:05 Downloading new file https://csdb.dk/getinternalfile.php/229385/FGZ_Demo_One-FGZ.d64
2022/06/01 16:29:05 Writing to csdb\out_of_compo\C64 One-File Demo\FGZ\FGZ Demo One\FGZ_Demo_One-FGZ.d64
2022/06/01 16:29:06 Entry name: FGZ Demo Two
2022/06/01 16:29:06 Type: C64 One-File Demo
2022/06/01 16:29:06 Released by: FGZ
2022/06/01 16:29:06 Downloading new file https://csdb.dk/getinternalfile.php/229386/FGZ_Demo_Two-FGZ.d64
2022/06/01 16:29:06 Writing to csdb\out_of_compo\C64 One-File Demo\FGZ\FGZ Demo Two\FGZ_Demo_Two-FGZ.d64
2022/06/01 16:29:06 Entry name: FGZ Demo III
2022/06/01 16:29:06 Type: C64 One-File Demo
2022/06/01 16:29:06 Released by: FGZ
2022/06/01 16:29:06 Downloading new file https://csdb.dk/getinternalfile.php/229387/FGZ_Demo_3-FGZ.d64
2022/06/01 16:29:06 Writing to csdb\out_of_compo\C64 One-File Demo\FGZ\FGZ Demo III\FGZ_Demo_3-FGZ.d64
2022/06/01 16:29:07 Entry name: FGZ Demo IV
2022/06/01 16:29:07 Type: C64 One-File Demo
2022/06/01 16:29:07 Released by: FGZ
2022/06/01 16:29:07 Downloading new file https://csdb.dk/getinternalfile.php/229388/FGZ_Demo_4-FGZ.d64
2022/06/01 16:29:07 Writing to csdb\out_of_compo\C64 One-File Demo\FGZ\FGZ Demo IV\FGZ_Demo_4-FGZ.d64
2022/06/01 16:29:07 Entry name: FGZ Demo V
2022/06/01 16:29:07 Type: C64 One-File Demo
2022/06/01 16:29:07 Released by: FGZ
2022/06/01 16:29:07 Downloading new file https://csdb.dk/getinternalfile.php/229389/FGZ_Demo_5-FGZ.d64
2022/06/01 16:29:07 Writing to csdb\out_of_compo\C64 One-File Demo\FGZ\FGZ Demo V\FGZ_Demo_5-FGZ.d64
2022/06/01 16:29:07 Entry name: FGZ Demo IX
2022/06/01 16:29:07 Type: C64 One-File Demo
2022/06/01 16:29:07 Released by: FGZ
2022/06/01 16:29:07 Downloading new file https://csdb.dk/getinternalfile.php/229390/FGZ_Demo_9-FGZ.d64
2022/06/01 16:29:07 Writing to csdb\out_of_compo\C64 One-File Demo\FGZ\FGZ Demo IX\FGZ_Demo_9-FGZ.d64
2022/06/01 16:29:08 Entry name: Ranx Preview
2022/06/01 16:29:08 Type: C64 Charts
2022/06/01 16:29:08 Released by: X-Factor
2022/06/01 16:29:08 Downloading new file https://csdb.dk/getinternalfile.php/229393/Ranx_Preview_xf.d64
2022/06/01 16:29:08 Writing to csdb\out_of_compo\C64 Charts\X-Factor\Ranx Preview\Ranx_Preview_xf.d64
2022/06/01 16:29:09 Entry name: Miles Away
2022/06/01 16:29:09 Type: C64 Music
2022/06/01 16:29:09 Released by: Presence
2022/06/01 16:29:09 Downloading new file https://csdb.dk/getinternalfile.php/229395/Miles-Away-PSC.d64
2022/06/01 16:29:09 Writing to csdb\out_of_compo\C64 Music\Presence\Miles Away\Miles-Away-PSC.d64
2022/06/01 16:29:10 Entry name: Predator II
2022/06/01 16:29:10 Type: C64 Music
2022/06/01 16:29:10 Released by: Presence
2022/06/01 16:29:10 Downloading new file https://csdb.dk/getinternalfile.php/229396/Predator-II-PSC.d64
2022/06/01 16:29:10 Writing to csdb\out_of_compo\C64 Music\Presence\Predator II\Predator-II-PSC.d64
2022/06/01 16:29:10 Entry name: Easy Sound
2022/06/01 16:29:10 Type: C64 Music
2022/06/01 16:29:10 Released by: Presence
2022/06/01 16:29:10 Downloading new file https://csdb.dk/getinternalfile.php/229398/Easy-Sound-PSC.d64
2022/06/01 16:29:10 Writing to csdb\out_of_compo\C64 Music\Presence\Easy Sound\Easy-Sound-PSC.d64
2022/06/01 16:29:11 Entry name: Intro XII
2022/06/01 16:29:11 Type: C64 Intro
2022/06/01 16:29:11 Released by: The Ancient Temple
2022/06/01 16:29:11 Downloading new file https://csdb.dk/getinternalfile.php/229399/A1_Demo_12_a1.d64
2022/06/01 16:29:11 Writing to csdb\out_of_compo\C64 Intro\The Ancient Temple\Intro XII\A1_Demo_12_a1.d64
2022/06/01 16:29:13 Entry name: Feliz 2022
2022/06/01 16:29:13 Type: C64 Graphics Collection
2022/06/01 16:29:13 Released by: Commodore Plus
2022/06/01 16:29:13 Downloading new file https://csdb.dk/getinternalfile.php/229408/2022.prg
2022/06/01 16:29:13 Writing to csdb\out_of_compo\C64 Graphics Collection\Commodore Plus\Feliz 2022\2022.prg
2022/06/01 16:29:14 Entry name: Rankings
2022/06/01 16:29:14 Type: C64 Charts
2022/06/01 16:29:14 Released by: Chaos #1
2022/06/01 16:29:14 Downloading new file https://csdb.dk/getinternalfile.php/229413/Rankings__chaos.d64
2022/06/01 16:29:14 Writing to csdb\out_of_compo\C64 Charts\Chaos #1\Rankings\Rankings__chaos.d64
2022/06/01 16:29:15 Entry name: New Logo 2
2022/06/01 16:29:15 Type: C64 Graphics
2022/06/01 16:29:15 Released by: Asphuxia
2022/06/01 16:29:15 Downloading new file https://csdb.dk/getinternalfile.php/229417/New_Logo_2__apx.d64
2022/06/01 16:29:15 Writing to csdb\out_of_compo\C64 Graphics\Asphuxia\New Logo 2\New_Logo_2__apx.d64
2022/06/01 16:29:16 Entry name: New Logo 3
2022/06/01 16:29:16 Type: C64 Graphics
2022/06/01 16:29:16 Released by: Asphuxia
2022/06/01 16:29:16 Downloading new file https://csdb.dk/getinternalfile.php/229418/New_Logo_3__apx.d64
2022/06/01 16:29:16 Writing to csdb\out_of_compo\C64 Graphics\Asphuxia\New Logo 3\New_Logo_3__apx.d64
2022/06/01 16:29:17 Entry name: New Logo 4
2022/06/01 16:29:17 Type: C64 Graphics
2022/06/01 16:29:17 Released by: Asphuxia
2022/06/01 16:29:17 Downloading new file https://csdb.dk/getinternalfile.php/229419/New_Logo_4__apx.d64
2022/06/01 16:29:17 Writing to csdb\out_of_compo\C64 Graphics\Asphuxia\New Logo 4\New_Logo_4__apx.d64
2022/06/01 16:29:18 Entry name: New Logo 5
2022/06/01 16:29:18 Type: C64 Graphics
2022/06/01 16:29:18 Released by: Asphuxia
2022/06/01 16:29:18 Downloading new file https://csdb.dk/getinternalfile.php/229420/New_Logo_5__apx.d64
2022/06/01 16:29:18 Writing to csdb\out_of_compo\C64 Graphics\Asphuxia\New Logo 5\New_Logo_5__apx.d64
2022/06/01 16:29:18 Entry name: Oneway Logo
2022/06/01 16:29:18 Type: C64 Graphics
2022/06/01 16:29:18 Released by: Asphuxia
2022/06/01 16:29:18 Downloading new file https://csdb.dk/getinternalfile.php/229421/Onewaylogo_Apx.d64
2022/06/01 16:29:18 Writing to csdb\out_of_compo\C64 Graphics\Asphuxia\Oneway Logo\Onewaylogo_Apx.d64
2022/06/01 16:29:19 Entry name: Abstract Logo
2022/06/01 16:29:19 Type: C64 Graphics
2022/06/01 16:29:19 Released by: Asphuxia
2022/06/01 16:29:19 Downloading new file https://csdb.dk/getinternalfile.php/229422/Abstractlogo_apx.d64
2022/06/01 16:29:19 Writing to csdb\out_of_compo\C64 Graphics\Asphuxia\Abstract Logo\Abstractlogo_apx.d64
2022/06/01 16:29:19 Entry name: Funtex(t) Logo
2022/06/01 16:29:19 Type: C64 Graphics
2022/06/01 16:29:19 Released by: Asphuxia
2022/06/01 16:29:19 Downloading new file https://csdb.dk/getinternalfile.php/229423/Funtext_Logo.d64
2022/06/01 16:29:19 Writing to csdb\out_of_compo\C64 Graphics\Asphuxia\Funtex(t) Logo\Funtext_Logo.d64
2022/06/01 16:29:20 Entry name: Mighty Wings
2022/06/01 16:29:20 Type: C64 Graphics
2022/06/01 16:29:20 Downloading new file https://csdb.dk/getinternalfile.php/229424/mighty_wings.prg
2022/06/01 16:29:20 Writing to csdb\out_of_compo\C64 Graphics\Frida Katarina\Mighty Wings\mighty_wings.prg
2022/06/01 16:29:23 Entry name: Comic Show Prv
2022/06/01 16:29:23 Type: C64 Graphics
2022/06/01 16:29:23 Released by: Thytron
2022/06/01 16:29:23 Downloading new file https://csdb.dk/getinternalfile.php/229437/Comicshow_Prv.d64
2022/06/01 16:29:23 Writing to csdb\out_of_compo\C64 Graphics\Thytron\Comic Show Prv\Comicshow_Prv.d64
2022/06/01 16:29:24 Entry name: 3 Scrolls
2022/06/01 16:29:24 Type: C64 One-File Demo
2022/06/01 16:29:24 Released by: Vice
2022/06/01 16:29:24 Downloading new file https://csdb.dk/getinternalfile.php/229441/3_Scrolls_vice.d64
2022/06/01 16:29:24 Writing to csdb\out_of_compo\C64 One-File Demo\Vice\3 Scrolls\3_Scrolls_vice.d64
2022/06/01 16:29:25 Entry name: Hellsoft Logo
2022/06/01 16:29:25 Type: C64 Graphics
2022/06/01 16:29:25 Released by: The Force
2022/06/01 16:29:25 Downloading new file https://csdb.dk/getinternalfile.php/229443/Hellslogo_zoris.d64
2022/06/01 16:29:25 Writing to csdb\out_of_compo\C64 Graphics\The Force\Hellsoft Logo\Hellslogo_zoris.d64
2022/06/01 16:29:25 Entry name: Artillery '90 Rip
2022/06/01 16:29:25 Type: C64 Music
2022/06/01 16:29:25 Released by: Poison
2022/06/01 16:29:25 Downloading new file https://csdb.dk/getinternalfile.php/229444/artillery_90_rip.d64
2022/06/01 16:29:25 Writing to csdb\out_of_compo\C64 Music\Poison\Artillery '90 Rip\artillery_90_rip.d64
2022/06/01 16:29:26 Entry name: Underground Music
2022/06/01 16:29:26 Type: C64 Music
2022/06/01 16:29:26 Downloading new file https://csdb.dk/getinternalfile.php/229445/Underground_fn.d64
2022/06/01 16:29:26 Writing to csdb\out_of_compo\C64 Music\The First Ninja\Underground Music\Underground_fn.d64
2022/06/01 16:29:26 Entry name: Coconut Rip
2022/06/01 16:29:26 Type: C64 Music
2022/06/01 16:29:26 Downloading new file https://csdb.dk/getinternalfile.php/229446/coconut_fn.d64
2022/06/01 16:29:26 Writing to csdb\out_of_compo\C64 Music\The First Ninja\Coconut Rip\coconut_fn.d64
2022/06/01 16:29:27 Entry name: Metal Force Tune
2022/06/01 16:29:27 Type: C64 Music
2022/06/01 16:29:27 Downloading new file https://csdb.dk/getinternalfile.php/229447/Metal_Force_fn.d64
2022/06/01 16:29:27 Writing to csdb\out_of_compo\C64 Music\The First Ninja\Metal Force Tune\Metal_Force_fn.d64
2022/06/01 16:29:27 Entry name: Soedesoft Rip
2022/06/01 16:29:27 Type: C64 Music
2022/06/01 16:29:27 Downloading new file https://csdb.dk/getinternalfile.php/229460/soedesoft_rip.d64
2022/06/01 16:29:27 Writing to csdb\out_of_compo\C64 Music\The First Ninja\Soedesoft Rip\soedesoft_rip.d64
2022/06/01 16:29:29 Entry name: Tune 1
2022/06/01 16:29:29 Type: C64 Music
2022/06/01 16:29:29 Released by: Charged
2022/06/01 16:29:29 Downloading new file https://csdb.dk/getinternalfile.php/229451/tune_1_compod.d64
2022/06/01 16:29:29 Writing to csdb\out_of_compo\C64 Music\Charged\Tune 1\tune_1_compod.d64
2022/06/01 16:29:29 Entry name: Tune 2
2022/06/01 16:29:29 Type: C64 Music
2022/06/01 16:29:29 Released by: Charged
2022/06/01 16:29:29 Downloading new file https://csdb.dk/getinternalfile.php/229452/tune2_compod.d64
2022/06/01 16:29:29 Writing to csdb\out_of_compo\C64 Music\Charged\Tune 2\tune2_compod.d64
2022/06/01 16:29:30 Entry name: Tatjana Minimix
2022/06/01 16:29:30 Type: C64 Music
2022/06/01 16:29:30 Released by: Astral
2022/06/01 16:29:30 Downloading new file https://csdb.dk/getinternalfile.php/229453/Tatjana_agemixer.d64
2022/06/01 16:29:30 Writing to csdb\out_of_compo\C64 Music\Astral\Tatjana Minimix\Tatjana_agemixer.d64
2022/06/01 16:29:30 Entry name: Dark Magic 2
2022/06/01 16:29:30 Type: C64 One-File Demo
2022/06/01 16:29:30 Released by: The Iron Gods
2022/06/01 16:29:30 Downloading new file https://csdb.dk/getinternalfile.php/229454/Dark_Magic_2_jtr.d64
2022/06/01 16:29:30 Writing to csdb\out_of_compo\C64 One-File Demo\The Iron Gods\Dark Magic 2\Dark_Magic_2_jtr.d64
2022/06/01 16:29:30 Entry name: Dark Magic 1
2022/06/01 16:29:30 Type: C64 One-File Demo
2022/06/01 16:29:30 Released by: The Iron Gods
2022/06/01 16:29:30 Downloading new file https://csdb.dk/getinternalfile.php/229455/Dark_Magic1_jtr.d64
2022/06/01 16:29:30 Writing to csdb\out_of_compo\C64 One-File Demo\The Iron Gods\Dark Magic 1\Dark_Magic1_jtr.d64
2022/06/01 16:29:31 Entry name: Dark Magic 3
2022/06/01 16:29:31 Type: C64 One-File Demo
2022/06/01 16:29:31 Released by: The Road Busters
2022/06/01 16:29:31 Downloading new file https://csdb.dk/getinternalfile.php/229456/Dark_Magic_3_trb.d64
2022/06/01 16:29:31 Writing to csdb\out_of_compo\C64 One-File Demo\The Road Busters\Dark Magic 3\Dark_Magic_3_trb.d64
2022/06/01 16:29:32 Entry name: Another Intro
2022/06/01 16:29:32 Type: C64 Intro
2022/06/01 16:29:32 Released by: Accuse
2022/06/01 16:29:32 Downloading new file https://csdb.dk/getinternalfile.php/229461/Another_intro_a.d64
2022/06/01 16:29:32 Writing to csdb\out_of_compo\C64 Intro\Accuse\Another Intro\Another_intro_a.d64
2022/06/01 16:29:33 Entry name: Beastie Boys
2022/06/01 16:29:33 Type: C64 Graphics
2022/06/01 16:29:33 Released by: Onslaught
2022/06/01 16:29:33 Downloading new file https://csdb.dk/getinternalfile.php/229462/bboys.prg
2022/06/01 16:29:33 Writing to csdb\out_of_compo\C64 Graphics\Onslaught\Beastie Boys\bboys.prg
2022/06/01 16:29:35 Entry name: Paul Hardcastle's Nineteen
2022/06/01 16:29:35 Type: C64 Music
2022/06/01 16:29:35 Released by: The International Bytebuster Manufactory
2022/06/01 16:29:35 Downloading new file https://csdb.dk/getinternalfile.php/229470/PaulHardcastlesNineteen-IBM.d64
2022/06/01 16:29:35 Writing to csdb\out_of_compo\C64 Music\The International Bytebuster Manufactory\Paul Hardcastle's Nineteen\PaulHardcastlesNineteen-IBM.d64
2022/06/01 16:29:36 Entry name: Paul Hardcasle's The Wizard (Rap Version)
2022/06/01 16:29:36 Type: C64 Music
2022/06/01 16:29:36 Released by: The International Bytebuster Manufactory
2022/06/01 16:29:36 Downloading new file https://csdb.dk/getinternalfile.php/229471/PaulHardcastlesTheWizardRapVersion-IBM.d64
2022/06/01 16:29:36 Writing to csdb\out_of_compo\C64 Music\The International Bytebuster Manufactory\Paul Hardcasle's The Wizard (Rap Version)\PaulHardcastlesTheWizardRapVersion-IBM.d64
2022/06/01 16:29:36 Entry name: Harold Faltermeyer's Shoot Out
2022/06/01 16:29:36 Type: C64 Music
2022/06/01 16:29:36 Released by: The International Bytebuster Manufactory
2022/06/01 16:29:36 Downloading new file https://csdb.dk/getinternalfile.php/229472/HaroldFaltermeyersShootOut-IBM.d64
2022/06/01 16:29:36 Writing to csdb\out_of_compo\C64 Music\The International Bytebuster Manufactory\Harold Faltermeyer's Shoot Out\HaroldFaltermeyersShootOut-IBM.d64
2022/06/01 16:29:38 Entry name: A New Intro +
2022/06/01 16:29:38 Type: C64 Intro
2022/06/01 16:29:38 Released by: X-Out
2022/06/01 16:29:38 Downloading new file https://csdb.dk/getinternalfile.php/229477/A_New_Intro_X.d64
2022/06/01 16:29:38 Writing to csdb\out_of_compo\C64 Intro\X-Out\A New Intro +\A_New_Intro_X.d64
2022/06/01 16:29:38 Entry name: Another Intro
2022/06/01 16:29:38 Type: C64 Intro
2022/06/01 16:29:38 Released by: X-Out
2022/06/01 16:29:38 Downloading new file https://csdb.dk/getinternalfile.php/229478/Another_Intro_x.d64
2022/06/01 16:29:38 Writing to csdb\out_of_compo\C64 Intro\X-Out\Another Intro\Another_Intro_x.d64
2022/06/01 16:29:39 Entry name: Paradize's Ranks
2022/06/01 16:29:39 Type: C64 Charts
2022/06/01 16:29:39 Released by: Paradize
2022/06/01 16:29:39 Downloading new file https://csdb.dk/getinternalfile.php/229480/Paradizes_Ranks.d64
2022/06/01 16:29:39 Writing to csdb\out_of_compo\C64 Charts\Paradize\Paradize's Ranks\Paradizes_Ranks.d64
2022/06/01 16:29:39 Entry name: The Joker Crew Intro
2022/06/01 16:29:39 Type: C64 Crack Intro
2022/06/01 16:29:39 Released by: The Joker Crew
2022/06/01 16:29:39 Downloading new file https://csdb.dk/getinternalfile.php/229481/tjc-07.prg
2022/06/01 16:29:39 Writing to csdb\out_of_compo\C64 Crack Intro\The Joker Crew\The Joker Crew Intro\tjc-07.prg
2022/06/01 16:29:40 Entry name: New WS Intro
2022/06/01 16:29:40 Type: C64 Intro
2022/06/01 16:29:40 Released by: Weird Science
2022/06/01 16:29:40 Downloading new file https://csdb.dk/getinternalfile.php/229482/New_Ws_intro.d64
2022/06/01 16:29:40 Writing to csdb\out_of_compo\C64 Intro\Weird Science\New WS Intro\New_Ws_intro.d64
2022/06/01 16:29:40 Entry name: Digi-Mega-Demo
2022/06/01 16:29:40 Type: C64 One-File Demo
2022/06/01 16:29:40 Released by: The Stormtroop
2022/06/01 16:29:40 Downloading new file https://csdb.dk/getinternalfile.php/229483/Digi-Mega-Demo-TSG.d64
2022/06/01 16:29:40 Writing to csdb\out_of_compo\C64 One-File Demo\The Stormtroop\Digi-Mega-Demo\Digi-Mega-Demo-TSG.d64
2022/06/01 16:29:41 Entry name: X-Rated Logo
2022/06/01 16:29:41 Type: C64 Graphics
2022/06/01 16:29:41 Released by: X-Rated
2022/06/01 16:29:41 Downloading new file https://csdb.dk/getinternalfile.php/229484/Xrated_Logo_mcs.d64
2022/06/01 16:29:41 Writing to csdb\out_of_compo\C64 Graphics\X-Rated\X-Rated Logo\Xrated_Logo_mcs.d64
2022/06/01 16:29:41 Entry name: The Raistlin Papers
2022/06/01 16:29:41 Type: C64 Graphics
2022/06/01 16:29:41 Released by: Genesis Project
2022/06/01 16:29:41 Downloading new file https://csdb.dk/getinternalfile.php/229486/Xiny-Creative.sid
2022/06/01 16:29:41 Writing to csdb\out_of_compo\C64 Graphics\Genesis Project\The Raistlin Papers\Xiny-Creative.sid
2022/06/01 16:29:41 Downloading new file https://csdb.dk/getinternalfile.php/229485/theraistlinpapers.prg
2022/06/01 16:29:41 Writing to csdb\out_of_compo\C64 Graphics\Genesis Project\The Raistlin Papers\theraistlinpapers.prg
2022/06/01 16:29:42 Entry name: Primetime
2022/06/01 16:29:42 Type: C64 Music Collection
2022/06/01 16:29:42 Released by: Triad
2022/06/01 16:29:42 Downloading new file https://csdb.dk/getinternalfile.php/229487/TRIAD_Primetime.zip
2022/06/01 16:29:42 Writing to csdb\out_of_compo\C64 Music Collection\Triad\Primetime\TRIAD_Primetime.zip
2022/06/01 16:29:42 Extracting from ZIP: TRIAD_Primetime.d64
2022/06/01 16:29:42 Writing extracted file csdb\out_of_compo\C64 Music Collection\Triad\Primetime\TRIAD_Primetime.d64
2022/06/01 16:29:44 Entry name: The Mandalorian
2022/06/01 16:29:44 Type: C64 Graphics
2022/06/01 16:29:44 Released by: Hokuto Force
2022/06/01 16:29:44 Downloading new file https://csdb.dk/getinternalfile.php/229378/mandalorian.sid
2022/06/01 16:29:44 Writing to csdb\out_of_compo\C64 Graphics\Hokuto Force\The Mandalorian\mandalorian.sid
2022/06/01 16:29:44 Downloading new file https://csdb.dk/getinternalfile.php/229496/mandalorian.prg
2022/06/01 16:29:44 Writing to csdb\out_of_compo\C64 Graphics\Hokuto Force\The Mandalorian\mandalorian.prg
2022/06/01 16:29:45 Entry name: Miracles
2022/06/01 16:29:45 Type: C64 One-File Demo
2022/06/01 16:29:45 Released by: The Duo Infernal
2022/06/01 16:29:45 Downloading new file https://csdb.dk/getinternalfile.php/229499/Miracles-TDI.d64
2022/06/01 16:29:45 Writing to csdb\out_of_compo\C64 One-File Demo\The Duo Infernal\Miracles\Miracles-TDI.d64
2022/06/01 16:29:45 Entry name: Metroid 2 - Credits
2022/06/01 16:29:45 Type: C64 One-File Demo
2022/06/01 16:29:45 Released by: Hokuto Force
2022/06/01 16:29:45 Downloading new file https://csdb.dk/getinternalfile.php/229500/Metroid2_Credits.prg
2022/06/01 16:29:45 Writing to csdb\out_of_compo\C64 One-File Demo\Hokuto Force\Metroid 2 - Credits\Metroid2_Credits.prg
2022/06/01 16:29:46 Downloading new file https://csdb.dk/getinternalfile.php/229501/Metroid2_Credits.sid
2022/06/01 16:29:46 Writing to csdb\out_of_compo\C64 One-File Demo\Hokuto Force\Metroid 2 - Credits\Metroid2_Credits.sid
2022/06/01 16:29:46 Entry name: Harmonic
2022/06/01 16:29:46 Type: C64 One-File Demo
2022/06/01 16:29:46 Released by: ICC Crew Plauen
2022/06/01 16:29:46 Downloading new file https://csdb.dk/getinternalfile.php/229502/Harmonic-ICC.d64
2022/06/01 16:29:46 Writing to csdb\out_of_compo\C64 One-File Demo\ICC Crew Plauen\Harmonic\Harmonic-ICC.d64
2022/06/01 16:29:47 Entry name: The Project
2022/06/01 16:29:47 Type: C64 One-File Demo
2022/06/01 16:29:47 Released by: The Rough Boys
2022/06/01 16:29:47 Downloading new file https://csdb.dk/getinternalfile.php/229503/The-Project-TRB.d64
2022/06/01 16:29:47 Writing to csdb\out_of_compo\C64 One-File Demo\The Rough Boys\The Project\The-Project-TRB.d64
2022/06/01 16:29:47 Entry name: Billy Jean
2022/06/01 16:29:47 Type: C64 Music
2022/06/01 16:29:47 Downloading new file https://csdb.dk/getinternalfile.php/229504/Billy_Jean.d64
2022/06/01 16:29:47 Writing to csdb\out_of_compo\C64 Music\UGS\Billy Jean\Billy_Jean.d64
2022/06/01 16:29:47 Entry name: Beat It
2022/06/01 16:29:47 Type: C64 Music
2022/06/01 16:29:47 Downloading new file https://csdb.dk/getinternalfile.php/229505/Beat_It.d64
2022/06/01 16:29:47 Writing to csdb\out_of_compo\C64 Music\UGS\Beat It\Beat_It.d64
2022/06/01 16:29:48 Entry name: Summer
2022/06/01 16:29:48 Type: C64 Music
2022/06/01 16:29:48 Downloading new file https://csdb.dk/getinternalfile.php/229506/Summer.d64
2022/06/01 16:29:48 Writing to csdb\out_of_compo\C64 Music\UGS\Summer\Summer.d64
2022/06/01 16:29:48 Entry name: Super Music #2
2022/06/01 16:29:48 Type: C64 Music
2022/06/01 16:29:48 Released by: Kill
2022/06/01 16:29:48 Downloading new file https://csdb.dk/getinternalfile.php/229507/Super-Music-2-KILL.d64
2022/06/01 16:29:48 Writing to csdb\out_of_compo\C64 Music\Kill\Super Music #2\Super-Music-2-KILL.d64
2022/06/01 16:29:49 Entry name: Super Music #1
2022/06/01 16:29:49 Type: C64 Music
2022/06/01 16:29:49 Released by: Kill
2022/06/01 16:29:49 Downloading new file https://csdb.dk/getinternalfile.php/229508/Super-Music-1-KILL.d64
2022/06/01 16:29:49 Writing to csdb\out_of_compo\C64 Music\Kill\Super Music #1\Super-Music-1-KILL.d64
2022/06/01 16:29:49 Entry name: Super Music #3
2022/06/01 16:29:49 Type: C64 Music
2022/06/01 16:29:49 Released by: Kill
2022/06/01 16:29:49 Downloading new file https://csdb.dk/getinternalfile.php/229509/Super-Music-3-KILL.d64
2022/06/01 16:29:49 Writing to csdb\out_of_compo\C64 Music\Kill\Super Music #3\Super-Music-3-KILL.d64
2022/06/01 16:29:50 Entry name: Twinsanity Spirit
2022/06/01 16:29:50 Type: C64 Graphics
2022/06/01 16:29:50 Released by: Genesis Project
2022/06/01 16:29:50 Downloading new file https://csdb.dk/getinternalfile.php/229559/Timeline_2.prg
2022/06/01 16:29:50 Writing to csdb\out_of_compo\C64 Graphics\Genesis Project\Twinsanity Spirit\Timeline_2.prg
2022/06/01 16:29:52 Entry name: Demonix Intro #47
2022/06/01 16:29:52 Type: C64 Intro
2022/06/01 16:29:52 Released by: Demonix
2022/06/01 16:29:52 Downloading new file https://csdb.dk/getinternalfile.php/229519/dmx.fldtro.tp.prg
2022/06/01 16:29:52 Writing to csdb\out_of_compo\C64 Intro\Demonix\Demonix Intro #47\dmx.fldtro.tp.prg
2022/06/01 16:29:54 Entry name: Demonix Intro #47 +F
2022/06/01 16:29:54 Type: C64 Intro
2022/06/01 16:29:54 Downloading new file https://csdb.dk/getinternalfile.php/229528/dmx-fldtro_ntsc+pal.prg
2022/06/01 16:29:54 Writing to csdb\out_of_compo\C64 Intro\Didi\Demonix Intro #47 +F\dmx-fldtro_ntsc+pal.prg
2022/06/01 16:29:56 Entry name: Slothmag #2
2022/06/01 16:29:56 Type: C64 Diskmag
2022/06/01 16:29:56 Released by: Slothsoft
2022/06/01 16:29:56 Downloading new file https://csdb.dk/getinternalfile.php/229532/Slothmag_2_Sls.d64
2022/06/01 16:29:56 Writing to csdb\out_of_compo\C64 Diskmag\Slothsoft\Slothmag #2\Slothmag_2_Sls.d64
2022/06/01 16:29:56 Entry name: Cool Intro 7
2022/06/01 16:29:56 Type: C64 Intro
2022/06/01 16:29:56 Released by: The Force
2022/06/01 16:29:56 Downloading new file https://csdb.dk/getinternalfile.php/229533/Cool_Intro_7_Tf.d64
2022/06/01 16:29:56 Writing to csdb\out_of_compo\C64 Intro\The Force\Cool Intro 7\Cool_Intro_7_Tf.d64
2022/06/01 16:29:57 Entry name: Transformers G1 S1
2022/06/01 16:29:57 Type: C64 Music
2022/06/01 16:29:57 Released by: Hokuto Force
2022/06/01 16:29:57 Downloading new file https://csdb.dk/getinternalfile.php/229537/Transformers G1 S1.prg
2022/06/01 16:29:57 Writing to csdb\out_of_compo\C64 Music\Hokuto Force\Transformers G1 S1\Transformers G1 S1.prg
2022/06/01 16:29:57 Downloading new file https://csdb.dk/getinternalfile.php/229536/Transformers G1 S1.sid
2022/06/01 16:29:57 Writing to csdb\out_of_compo\C64 Music\Hokuto Force\Transformers G1 S1\Transformers G1 S1.sid
2022/06/01 16:29:58 Entry name: Transformers G1 S3
2022/06/01 16:29:58 Type: C64 Music
2022/06/01 16:29:58 Released by: Hokuto Force
2022/06/01 16:29:58 Downloading new file https://csdb.dk/getinternalfile.php/229538/Transformers G1 S3.prg
2022/06/01 16:29:58 Writing to csdb\out_of_compo\C64 Music\Hokuto Force\Transformers G1 S3\Transformers G1 S3.prg
2022/06/01 16:29:58 Downloading new file https://csdb.dk/getinternalfile.php/229539/Transformers G1 S3.sid
2022/06/01 16:29:58 Writing to csdb\out_of_compo\C64 Music\Hokuto Force\Transformers G1 S3\Transformers G1 S3.sid
2022/06/01 16:29:59 Entry name: 10%
2022/06/01 16:29:59 Type: C64 Graphics
2022/06/01 16:29:59 Released by: Fantastic 4 Cracking Group
2022/06/01 16:29:59 Downloading new file https://csdb.dk/getinternalfile.php/229542/10%.prg
2022/06/01 16:29:59 Writing to csdb\out_of_compo\C64 Graphics\Fantastic 4 Cracking Group\10%\10%.prg
2022/06/01 16:29:59 Entry name: Lycan
2022/06/01 16:29:59 Type: C64 Graphics Collection
2022/06/01 16:29:59 Released by: The Solution
2022/06/01 16:29:59 Downloading new file https://csdb.dk/getinternalfile.php/229544/lycan-tsn.d64
2022/06/01 16:29:59 Writing to csdb\out_of_compo\C64 Graphics Collection\The Solution\Lycan\lycan-tsn.d64
2022/06/01 16:30:01 Entry name: A Mystery Sound
2022/06/01 16:30:01 Type: C64 One-File Demo
2022/06/01 16:30:01 Downloading new file https://csdb.dk/getinternalfile.php/229548/A_Mystery_Sound-MIGGES.d64
2022/06/01 16:30:01 Writing to csdb\out_of_compo\C64 One-File Demo\Migges\A Mystery Sound\A_Mystery_Sound-MIGGES.d64
2022/06/01 16:30:01 Entry name: Cables
2022/06/01 16:30:01 Type: C64 Graphics
2022/06/01 16:30:01 Released by: Hokuto Force
2022/06/01 16:30:01 Downloading new file https://csdb.dk/getinternalfile.php/229549/cables.prg
2022/06/01 16:30:01 Writing to csdb\out_of_compo\C64 Graphics\Hokuto Force\Cables\cables.prg
2022/06/01 16:30:03 Entry name: Mystery Music
2022/06/01 16:30:03 Type: C64 One-File Demo
2022/06/01 16:30:03 Downloading new file https://csdb.dk/getinternalfile.php/229555/Mystery_Music-MIGGES.d64
2022/06/01 16:30:03 Writing to csdb\out_of_compo\C64 One-File Demo\Migges\Mystery Music\Mystery_Music-MIGGES.d64
2022/06/01 16:30:03 Entry name: Conquest of Paradise
2022/06/01 16:30:03 Type: C64 Music
2022/06/01 16:30:03 Released by: Hokuto Force
2022/06/01 16:30:03 Downloading new file https://csdb.dk/getinternalfile.php/229556/Conquest_of_Paradise.prg
2022/06/01 16:30:03 Writing to csdb\out_of_compo\C64 Music\Hokuto Force\Conquest of Paradise\Conquest_of_Paradise.prg
2022/06/01 16:30:03 Downloading new file https://csdb.dk/getinternalfile.php/229557/Conquest_of_Paradise.sid
2022/06/01 16:30:03 Writing to csdb\out_of_compo\C64 Music\Hokuto Force\Conquest of Paradise\Conquest_of_Paradise.sid
2022/06/01 16:30:04 Entry name: Hi-Res Logo
2022/06/01 16:30:04 Type: C64 Graphics
2022/06/01 16:30:04 Released by: Onslaught
2022/06/01 16:30:04 Downloading new file https://csdb.dk/getinternalfile.php/229558/Hi-Res_Logo-ONS.d64
2022/06/01 16:30:04 Writing to csdb\out_of_compo\C64 Graphics\Onslaught\Hi-Res Logo\Hi-Res_Logo-ONS.d64
2022/06/01 16:30:04 Entry name: Impressionistic
2022/06/01 16:30:04 Type: C64 One-File Demo
2022/06/01 16:30:04 Released by: People of Panic
2022/06/01 16:30:04 Downloading new file https://csdb.dk/getinternalfile.php/229560/Impressionistic-POP.d64
2022/06/01 16:30:04 Writing to csdb\out_of_compo\C64 One-File Demo\People of Panic\Impressionistic\Impressionistic-POP.d64
2022/06/01 16:30:05 Entry name: New PSI Art
2022/06/01 16:30:05 Type: C64 Graphics
2022/06/01 16:30:05 Released by: Phun Soft Inc.
2022/06/01 16:30:05 Downloading new file https://csdb.dk/getinternalfile.php/229563/New_PSI_Art.d64
2022/06/01 16:30:05 Writing to csdb\out_of_compo\C64 Graphics\Phun Soft Inc.\New PSI Art\New_PSI_Art.d64
2022/06/01 16:30:06 Entry name: Pis on A.B.L.
2022/06/01 16:30:06 Type: C64 Graphics
2022/06/01 16:30:06 Released by: Phun Soft Inc.
2022/06/01 16:30:06 Downloading new file https://csdb.dk/getinternalfile.php/229564/Pis_On_Abl-PSI.d64
2022/06/01 16:30:06 Writing to csdb\out_of_compo\C64 Graphics\Phun Soft Inc.\Pis on A.B.L.\Pis_On_Abl-PSI.d64
2022/06/01 16:30:06 Entry name: Greetings to A.B.L.
2022/06/01 16:30:06 Type: C64 Graphics
2022/06/01 16:30:06 Released by: Phun Soft Inc.
2022/06/01 16:30:06 Downloading new file https://csdb.dk/getinternalfile.php/229565/Greetings_To_Abl-PSI.d64
2022/06/01 16:30:06 Writing to csdb\out_of_compo\C64 Graphics\Phun Soft Inc.\Greetings to A.B.L.\Greetings_To_Abl-PSI.d64
2022/06/01 16:30:07 Entry name: Fish Tit Supremacy
2022/06/01 16:30:07 Type: C64 Music
2022/06/01 16:30:07 Released by: Genesis Project
2022/06/01 16:30:07 Downloading new file https://csdb.dk/getinternalfile.php/229566/fishtitsupremacy.prg
2022/06/01 16:30:07 Writing to csdb\out_of_compo\C64 Music\Genesis Project\Fish Tit Supremacy\fishtitsupremacy.prg
2022/06/01 16:30:07 Downloading new file https://csdb.dk/getinternalfile.php/229567/fish_tit_supremacy.sid
2022/06/01 16:30:07 Writing to csdb\out_of_compo\C64 Music\Genesis Project\Fish Tit Supremacy\fish_tit_supremacy.sid
2022/06/01 16:30:07 Entry name: TAT Logo
2022/06/01 16:30:07 Type: C64 Graphics
2022/06/01 16:30:07 Downloading new file https://csdb.dk/getinternalfile.php/229568/Tat_Logo.d64
2022/06/01 16:30:07 Writing to csdb\out_of_compo\C64 Graphics\Silco\TAT Logo\Tat_Logo.d64
2022/06/01 16:30:09 Entry name: V'ren
2022/06/01 16:30:09 Type: C64 Graphics
2022/06/01 16:30:09 Downloading new file https://csdb.dk/getinternalfile.php/229573/v'ren.prg
2022/06/01 16:30:09 Writing to csdb\out_of_compo\C64 Graphics\4gentE\V'ren\v'ren.prg
2022/06/01 16:30:09 Entry name: Picture Shower
2022/06/01 16:30:09 Type: C64 Graphics Collection
2022/06/01 16:30:09 Released by: Maniax
2022/06/01 16:30:09 Downloading new file https://csdb.dk/getinternalfile.php/229574/Pr_stuff.d64
2022/06/01 16:30:09 Writing to csdb\out_of_compo\C64 Graphics Collection\Maniax\Picture Shower\Pr_stuff.d64
2022/06/01 16:30:10 Entry name: C.O.P Shocker
2022/06/01 16:30:10 Type: C64 One-File Demo
2022/06/01 16:30:10 Downloading new file https://csdb.dk/getinternalfile.php/229576/A_Cop_Shocked_Me.d64
2022/06/01 16:30:10 Writing to csdb\out_of_compo\C64 One-File Demo\The Priest\C.O.P Shocker\A_Cop_Shocked_Me.d64
2022/06/01 16:30:10 Entry name: Zoltar Intro
2022/06/01 16:30:10 Type: C64 Crack Intro
2022/06/01 16:30:10 Downloading new file https://csdb.dk/getinternalfile.php/229577/zoltar intro (2 versions).d64
2022/06/01 16:30:10 Writing to csdb\out_of_compo\C64 Crack Intro\Zoltar\Zoltar Intro\zoltar intro (2 versions).d64
2022/06/01 16:30:11 Entry name: C-Slide 5
2022/06/01 16:30:11 Type: C64 Graphics Collection
2022/06/01 16:30:11 Released by: The Force
2022/06/01 16:30:11 Downloading new file https://csdb.dk/getinternalfile.php/229578/c_slide_5_tf.d64
2022/06/01 16:30:11 Writing to csdb\out_of_compo\C64 Graphics Collection\The Force\C-Slide 5\c_slide_5_tf.d64
2022/06/01 16:30:11 Entry name: Cybernoid II Muzik
2022/06/01 16:30:11 Type: C64 Music
2022/06/01 16:30:11 Downloading new file https://csdb.dk/getinternalfile.php/229579/CYBER.II.MUZ_KIL.prg
2022/06/01 16:30:11 Writing to csdb\out_of_compo\C64 Music\Zoltar\Cybernoid II Muzik\CYBER.II.MUZ_KIL.prg
2022/06/01 16:30:12 Entry name: Ver. Music
2022/06/01 16:30:12 Type: C64 Music
2022/06/01 16:30:12 Downloading new file https://csdb.dk/getinternalfile.php/229580/VER.MUSIC_KILL.prg
2022/06/01 16:30:12 Writing to csdb\out_of_compo\C64 Music\Zoltar\Ver. Music\VER.MUSIC_KILL.prg
2022/06/01 16:30:12 Entry name: Valrian et Laureline
2022/06/01 16:30:12 Type: C64 Graphics
2022/06/01 16:30:12 Downloading new file https://csdb.dk/getinternalfile.php/229582/Valerian et Laureline.prg
2022/06/01 16:30:12 Writing to csdb\out_of_compo\C64 Graphics\Worrior1\Valrian et Laureline\Valerian et Laureline.prg
2022/06/01 16:30:12 Downloading new file https://csdb.dk/getinternalfile.php/229581/Valerian et Laureline.c
2022/06/01 16:30:12 Writing to csdb\out_of_compo\C64 Graphics\Worrior1\Valrian et Laureline\Valerian et Laureline.c
2022/06/01 16:30:13 Entry name: Alf Music
2022/06/01 16:30:13 Type: C64 Music
2022/06/01 16:30:13 Downloading new file https://csdb.dk/getinternalfile.php/229583/ALF MUSIC.PRG
2022/06/01 16:30:13 Writing to csdb\out_of_compo\C64 Music\Zoltar\Alf Music\ALF MUSIC.PRG
2022/06/01 16:30:13 Entry name: Werner Demo V2
2022/06/01 16:30:13 Type: C64 One-File Demo
2022/06/01 16:30:13 Downloading new file https://csdb.dk/getinternalfile.php/229584/Werner-Demo-V2-OUTSIDER.d64
2022/06/01 16:30:13 Writing to csdb\out_of_compo\C64 One-File Demo\The Outsider\Werner Demo V2\Werner-Demo-V2-OUTSIDER.d64
2022/06/01 16:30:14 Entry name: Arka Drummer
2022/06/01 16:30:14 Type: C64 One-File Demo
2022/06/01 16:30:14 Released by: TNT / 2024
2022/06/01 16:30:14 Downloading new file https://csdb.dk/getinternalfile.php/229586/TNT.d64
2022/06/01 16:30:14 Writing to csdb\out_of_compo\C64 One-File Demo\TNT \ 2024\Arka Drummer\TNT.d64
2022/06/01 16:30:14 Entry name: RVV vs LCP
2022/06/01 16:30:14 Type: C64 One-File Demo
2022/06/01 16:30:14 Released by: TNT / 2024
2022/06/01 16:30:14 Downloading new file https://csdb.dk/getinternalfile.php/229587/rvvlcp.d64
2022/06/01 16:30:14 Writing to csdb\out_of_compo\C64 One-File Demo\TNT \ 2024\RVV vs LCP\rvvlcp.d64
2022/06/01 16:30:15 Entry name: Obscurity
2022/06/01 16:30:15 Type: C64 Demo
2022/06/01 16:30:15 Released by: TNT / 2024
2022/06/01 16:30:15 Downloading new file https://csdb.dk/getinternalfile.php/229586/TNT.d64
2022/06/01 16:30:15 Writing to csdb\out_of_compo\C64 Demo\TNT \ 2024\Obscurity\TNT.d64
2022/06/01 16:30:15 Entry name: The Clown
2022/06/01 16:30:15 Type: C64 Graphics
2022/06/01 16:30:15 Released by: Phun Soft Inc.
2022/06/01 16:30:15 Downloading new file https://csdb.dk/getinternalfile.php/229588/The_Clown-PSI.d64
2022/06/01 16:30:15 Writing to csdb\out_of_compo\C64 Graphics\Phun Soft Inc.\The Clown\The_Clown-PSI.d64
2022/06/01 16:30:16 Entry name: Skyline
2022/06/01 16:30:16 Type: C64 Graphics
2022/06/01 16:30:16 Downloading new file https://csdb.dk/getinternalfile.php/229589/skyline - drea.prg
2022/06/01 16:30:16 Writing to csdb\out_of_compo\C64 Graphics\Drea\Skyline\skyline - drea.prg
2022/06/01 16:30:17 Entry name: Birdman
2022/06/01 16:30:17 Type: C64 Graphics
2022/06/01 16:30:17 Released by: Genesis Project
2022/06/01 16:30:17 Downloading new file https://csdb.dk/getinternalfile.php/229590/BirdMan.prg
2022/06/01 16:30:17 Writing to csdb\Outline 2022\C64 Graphics\Genesis Project\Birdman\BirdMan.prg
2022/06/01 16:30:19 Entry name: A Little Contact Demo
2022/06/01 16:30:19 Type: C64 One-File Demo
2022/06/01 16:30:19 Released by: Digitech
2022/06/01 16:30:19 Downloading new file https://csdb.dk/getinternalfile.php/229600/A Little Contact Demo [digitech].d64
2022/06/01 16:30:19 Writing to csdb\out_of_compo\C64 One-File Demo\Digitech\A Little Contact Demo\A Little Contact Demo [digitech].d64
2022/06/01 16:30:20 Entry name: Eight-Bit-Classics #19
2022/06/01 16:30:20 Type: C64 Music
2022/06/01 16:30:20 Released by: Ionix
2022/06/01 16:30:20 Downloading new file https://csdb.dk/getinternalfile.php/229602/8-Bit-Classix #19.d64
2022/06/01 16:30:20 Writing to csdb\out_of_compo\C64 Music\Ionix\Eight-Bit-Classics #19\8-Bit-Classix #19.d64
2022/06/01 16:30:21 Entry name: Eight-Bit-Classics #51
2022/06/01 16:30:21 Type: C64 Music
2022/06/01 16:30:21 Released by: Ionix
2022/06/01 16:30:21 Entry name: Overdrive (Crazy to the Max 2)
2022/06/01 16:30:21 Type: C64 Music
2022/06/01 16:30:21 Downloading new file https://csdb.dk/getinternalfile.php/229605/Overdrive2.d64
2022/06/01 16:30:21 Writing to csdb\out_of_compo\C64 Music\unknown\Overdrive (Crazy to the Max 2)\Overdrive2.d64
2022/06/01 16:30:22 Entry name: Mask 3
2022/06/01 16:30:22 Type: C64 Graphics
2022/06/01 16:30:22 Released by: Lepsi De
2022/06/01 16:30:22 Downloading new file https://csdb.dk/getinternalfile.php/229607/mask3_ktn_ld2022.prg
2022/06/01 16:30:22 Writing to csdb\Moonshine Dragons 2022\C64 Graphics\Lepsi De\Mask 3\mask3_ktn_ld2022.prg
2022/06/01 16:30:22 Entry name: Aquaplanet
2022/06/01 16:30:22 Type: C64 Graphics
2022/06/01 16:30:22 Released by: Genesis Project
2022/06/01 16:30:22 Downloading new file https://csdb.dk/getinternalfile.php/229606/AquaPlanet.prg
2022/06/01 16:30:22 Writing to csdb\Moonshine Dragons 2022\C64 Graphics\Genesis Project\Aquaplanet\AquaPlanet.prg
2022/06/01 16:30:23 Entry name: Darkness Nature
2022/06/01 16:30:23 Type: C64 Graphics
2022/06/01 16:30:23 Released by: Atlantis
2022/06/01 16:30:23 Downloading new file https://csdb.dk/getinternalfile.php/229608/DarknessNature.prg
2022/06/01 16:30:23 Writing to csdb\Moonshine Dragons 2022\C64 Graphics\Atlantis\Darkness Nature\DarknessNature.prg
2022/06/01 16:30:23 Entry name: Dedicated to Hend
2022/06/01 16:30:23 Type: C64 Graphics
2022/06/01 16:30:23 Released by: Lethargy
2022/06/01 16:30:23 Released by: Resource
2022/06/01 16:30:23 Released by: Chorus
2022/06/01 16:30:23 Released by: Singular
2022/06/01 16:30:23 Downloading new file https://csdb.dk/getinternalfile.php/229610/dedicated_to_hend.prg
2022/06/01 16:30:23 Writing to csdb\Moonshine Dragons 2022\C64 Graphics\Lethargy\Dedicated to Hend\dedicated_to_hend.prg
2022/06/01 16:30:24 Entry name: MultiStyleHills, 90210
2022/06/01 16:30:24 Type: C64 Music
2022/06/01 16:30:24 Released by: MultiStyle Labs
2022/06/01 16:30:24 Downloading new file https://csdb.dk/getinternalfile.php/229612/multistylehills90210.sid
2022/06/01 16:30:24 Writing to csdb\Moonshine Dragons 2022\C64 Music\MultiStyle Labs\MultiStyleHills, 90210\multistylehills90210.sid
2022/06/01 16:30:24 Downloading new file https://csdb.dk/getinternalfile.php/229611/multistylehills90210.prg
2022/06/01 16:30:24 Writing to csdb\Moonshine Dragons 2022\C64 Music\MultiStyle Labs\MultiStyleHills, 90210\multistylehills90210.prg
2022/06/01 16:30:25 Entry name: E2IRA
2022/06/01 16:30:25 Type: C64 Demo
2022/06/01 16:30:25 Released by: Arise
2022/06/01 16:30:25 Downloading new file https://csdb.dk/getinternalfile.php/229645/PressPlay2022.sid
2022/06/01 16:30:25 Writing to csdb\Moonshine Dragons 2022\C64 Demo\Arise\E2IRA\PressPlay2022.sid
2022/06/01 16:30:25 Downloading new file https://csdb.dk/getinternalfile.php/229642/E2IRA.sid
2022/06/01 16:30:25 Writing to csdb\Moonshine Dragons 2022\C64 Demo\Arise\E2IRA\E2IRA.sid
2022/06/01 16:30:25 Downloading new file https://csdb.dk/getinternalfile.php/229644/CafeNoir.sid
2022/06/01 16:30:25 Writing to csdb\Moonshine Dragons 2022\C64 Demo\Arise\E2IRA\CafeNoir.sid
2022/06/01 16:30:25 Downloading new file https://csdb.dk/getinternalfile.php/229613/e2ira_by_arise.zip
2022/06/01 16:30:25 Writing to csdb\Moonshine Dragons 2022\C64 Demo\Arise\E2IRA\e2ira_by_arise.zip
2022/06/01 16:30:26 Extracting from ZIP: e2ira_A.d64
2022/06/01 16:30:26 Writing extracted file csdb\Moonshine Dragons 2022\C64 Demo\Arise\E2IRA\e2ira_A.d64
2022/06/01 16:30:26 Extracting from ZIP: e2ira_B.d64
2022/06/01 16:30:26 Writing extracted file csdb\Moonshine Dragons 2022\C64 Demo\Arise\E2IRA\e2ira_B.d64
2022/06/01 16:30:26 Extracting from ZIP: e2ira_C.d64
2022/06/01 16:30:26 Writing extracted file csdb\Moonshine Dragons 2022\C64 Demo\Arise\E2IRA\e2ira_C.d64
2022/06/01 16:30:26 Downloading new file https://csdb.dk/getinternalfile.php/229680/e2ira_101_by_arise.zip
2022/06/01 16:30:26 Writing to csdb\Moonshine Dragons 2022\C64 Demo\Arise\E2IRA\e2ira_101_by_arise.zip
2022/06/01 16:30:27 Extracting from ZIP: e2ira_101_A.d64
2022/06/01 16:30:27 Writing extracted file csdb\Moonshine Dragons 2022\C64 Demo\Arise\E2IRA\e2ira_101_A.d64
2022/06/01 16:30:27 Extracting from ZIP: e2ira_101_B.d64
2022/06/01 16:30:27 Writing extracted file csdb\Moonshine Dragons 2022\C64 Demo\Arise\E2IRA\e2ira_101_B.d64
2022/06/01 16:30:27 Extracting from ZIP: e2ira_101_C.d64
2022/06/01 16:30:27 Writing extracted file csdb\Moonshine Dragons 2022\C64 Demo\Arise\E2IRA\e2ira_101_C.d64
2022/06/01 16:30:27 Extracting from ZIP: info.txt
2022/06/01 16:30:27 Writing extracted file csdb\Moonshine Dragons 2022\C64 Demo\Arise\E2IRA\info.txt
2022/06/01 16:30:27 Downloading new file https://csdb.dk/getinternalfile.php/229643/DoomGuy.sid
2022/06/01 16:30:27 Writing to csdb\Moonshine Dragons 2022\C64 Demo\Arise\E2IRA\DoomGuy.sid
2022/06/01 16:30:28 Entry name: Twist & Shout
2022/06/01 16:30:28 Type: C64 4K Intro
2022/06/01 16:30:28 Released by: Faith Design
2022/06/01 16:30:28 Downloading new file https://csdb.dk/getinternalfile.php/229614/twistnshout-fth.prg
2022/06/01 16:30:28 Writing to csdb\Moonshine Dragons 2022\C64 4K Intro\Faith Design\Twist & Shout\twistnshout-fth.prg
2022/06/01 16:30:28 Downloading new file https://csdb.dk/getinternalfile.php/229639/JammicroV1_SneakyBillySID.sid
2022/06/01 16:30:28 Writing to csdb\Moonshine Dragons 2022\C64 4K Intro\Faith Design\Twist & Shout\JammicroV1_SneakyBillySID.sid
2022/06/01 16:30:28 Entry name: Pursuit
2022/06/01 16:30:28 Type: C64 4K Intro
2022/06/01 16:30:28 Released by: Arise
2022/06/01 16:30:28 Downloading new file https://csdb.dk/getinternalfile.php/229615/pursuit_by_arise.d64
2022/06/01 16:30:28 Writing to csdb\Moonshine Dragons 2022\C64 4K Intro\Arise\Pursuit\pursuit_by_arise.d64
2022/06/01 16:30:29 Entry name: Rotting
2022/06/01 16:30:29 Type: C64 Graphics
2022/06/01 16:30:29 Released by: Arise
2022/06/01 16:30:29 Downloading new file https://csdb.dk/getinternalfile.php/229616/rotting_by_wacek_of_arise.prg
2022/06/01 16:30:29 Writing to csdb\Moonshine Dragons 2022\C64 Graphics\Arise\Rotting\rotting_by_wacek_of_arise.prg
2022/06/01 16:30:29 Entry name: kHz
2022/06/01 16:30:29 Type: C64 Music
2022/06/01 16:30:29 Released by: MultiStyle Labs
2022/06/01 16:30:29 Downloading new file https://csdb.dk/getinternalfile.php/229618/kHz.sid
2022/06/01 16:30:29 Writing to csdb\Moonshine Dragons 2022\C64 Music\MultiStyle Labs\kHz\kHz.sid
2022/06/01 16:30:29 Downloading new file https://csdb.dk/getinternalfile.php/229617/kHz_psych858o.prg
2022/06/01 16:30:29 Writing to csdb\Moonshine Dragons 2022\C64 Music\MultiStyle Labs\kHz\kHz_psych858o.prg
2022/06/01 16:30:30 Entry name: Do Drum Machines Dream?
2022/06/01 16:30:30 Type: C64 Music
2022/06/01 16:30:30 Released by: Elysium
2022/06/01 16:30:30 Released by: MultiStyle Labs
2022/06/01 16:30:30 Downloading new file https://csdb.dk/getinternalfile.php/229619/do drum machines dream (8580) visualiser.prg
2022/06/01 16:30:30 Writing to csdb\Moonshine Dragons 2022\C64 Music\Elysium\Do Drum Machines Dream?\do drum machines dream (8580) visualiser.prg
2022/06/01 16:30:30 Entry name: Check Out My Balls
2022/06/01 16:30:30 Type: C64 Graphics
2022/06/01 16:30:30 Released by: Censor Design
2022/06/01 16:30:30 Downloading new file https://csdb.dk/getinternalfile.php/229622/check_out_my_balls.prg
2022/06/01 16:30:30 Writing to csdb\Moonshine Dragons 2022\C64 Graphics\Censor Design\Check Out My Balls\check_out_my_balls.prg
2022/06/01 16:30:31 Entry name: HammerLords
2022/06/01 16:30:31 Type: C64 Graphics
2022/06/01 16:30:31 Released by: Censor Design
2022/06/01 16:30:31 Downloading new file https://csdb.dk/getinternalfile.php/229623/hammerlords_sign.prg
2022/06/01 16:30:31 Writing to csdb\Moonshine Dragons 2022\C64 Graphics\Censor Design\HammerLords\hammerlords_sign.prg
2022/06/01 16:30:32 Entry name: Pro Patria
2022/06/01 16:30:32 Type: C64 Demo
2022/06/01 16:30:32 Released by: Dream
2022/06/01 16:30:32 Downloading new file https://csdb.dk/getinternalfile.php/229624/propatriadream.zip
2022/06/01 16:30:32 Writing to csdb\Moonshine Dragons 2022\C64 Demo\Dream\Pro Patria\propatriadream.zip
2022/06/01 16:30:32 Extracting from ZIP: propatriadream.d64
2022/06/01 16:30:32 Writing extracted file csdb\Moonshine Dragons 2022\C64 Demo\Dream\Pro Patria\propatriadream.d64
2022/06/01 16:30:32 Downloading new file https://csdb.dk/getinternalfile.php/229625/propatriadream-ide64.tar.gz
2022/06/01 16:30:32 Writing to csdb\Moonshine Dragons 2022\C64 Demo\Dream\Pro Patria\propatriadream-ide64.tar.gz
2022/06/01 16:30:33 Entry name: Something to Sing
2022/06/01 16:30:33 Type: C64 Music
2022/06/01 16:30:33 Released by: MultiStyle Labs
2022/06/01 16:30:33 Released by: Elysium
2022/06/01 16:30:33 Downloading new file https://csdb.dk/getinternalfile.php/229626/Something to sing.prg
2022/06/01 16:30:33 Writing to csdb\Moonshine Dragons 2022\C64 Music\MultiStyle Labs\Something to Sing\Something to sing.prg
2022/06/01 16:30:33 Downloading new file https://csdb.dk/getinternalfile.php/229638/something to sing.sid
2022/06/01 16:30:33 Writing to csdb\Moonshine Dragons 2022\C64 Music\MultiStyle Labs\Something to Sing\something to sing.sid
2022/06/01 16:30:33 Entry name: Deaf Apollo
2022/06/01 16:30:33 Type: C64 Music
2022/06/01 16:30:33 Downloading new file https://csdb.dk/getinternalfile.php/229646/deafapollo.sid
2022/06/01 16:30:33 Writing to csdb\Moonshine Dragons 2022\C64 Music\Warp 8\Deaf Apollo\deafapollo.sid
2022/06/01 16:30:34 Downloading new file https://csdb.dk/getinternalfile.php/229628/deafapollo.prg
2022/06/01 16:30:34 Writing to csdb\Moonshine Dragons 2022\C64 Music\Warp 8\Deaf Apollo\deafapollo.prg
2022/06/01 16:30:34 Entry name: Amanita (80%)
2022/06/01 16:30:34 Type: C64 Demo
2022/06/01 16:30:34 Released by: Samar Productions
2022/06/01 16:30:34 Downloading new file https://csdb.dk/getinternalfile.php/229681/AmanitaOverdose.sid
2022/06/01 16:30:34 Writing to csdb\Moonshine Dragons 2022\C64 Demo\Samar Productions\Amanita (80%)\AmanitaOverdose.sid
2022/06/01 16:30:35 Downloading new file https://csdb.dk/getinternalfile.php/229682/!!ANT.sid
2022/06/01 16:30:35 Writing to csdb\Moonshine Dragons 2022\C64 Demo\Samar Productions\Amanita (80%)\!!ANT.sid
2022/06/01 16:30:35 Downloading new file https://csdb.dk/getinternalfile.php/229635/Amanita-Samar.zip
2022/06/01 16:30:35 Writing to csdb\Moonshine Dragons 2022\C64 Demo\Samar Productions\Amanita (80%)\Amanita-Samar.zip
2022/06/01 16:30:35 Extracting from ZIP: Amanita_by_Samar_Disk_A.d64
2022/06/01 16:30:35 Writing extracted file csdb\Moonshine Dragons 2022\C64 Demo\Samar Productions\Amanita (80%)\Amanita_by_Samar_Disk_A.d64
2022/06/01 16:30:35 Extracting from ZIP: Amanita_by_Samar_Disk_B.d64
2022/06/01 16:30:35 Writing extracted file csdb\Moonshine Dragons 2022\C64 Demo\Samar Productions\Amanita (80%)\Amanita_by_Samar_Disk_B.d64
2022/06/01 16:30:36 Entry name: Peter Goes North
2022/06/01 16:30:36 Type: C64 Music
2022/06/01 16:30:36 Released by: MultiStyle Labs
2022/06/01 16:30:36 Released by: Genesis Project
2022/06/01 16:30:36 Entry name: Brooke Lynne
2022/06/01 16:30:36 Type: C64 Music
2022/06/01 16:30:36 Released by: MultiStyle Labs
2022/06/01 16:30:36 Entry name: Scotch
2022/06/01 16:30:36 Type: C64 4K Intro
2022/06/01 16:30:36 Released by: Lethargy
2022/06/01 16:30:37 Entry name: I Adore My 64=
2022/06/01 16:30:37 Type: C64 Demo
2022/06/01 16:30:37 Released by: Lethargy
2022/06/01 16:30:37 Entry name: Super Mario Bros 3 - Underworld
2022/06/01 16:30:37 Type: C64 Music
2022/06/01 16:30:37 Released by: Hokuto Force
2022/06/01 16:30:38 Entry name: Place on Earth
2022/06/01 16:30:38 Type: C64 One-File Demo
2022/06/01 16:30:38 Released by: BOOM!
2022/06/01 16:30:39 Entry name: Cowboy's Dream
2022/06/01 16:30:39 Type: C64 Music Collection
2022/06/01 16:30:39 Released by: Wrath Designs
2022/06/01 16:30:39 Released by: Elysium
2022/06/01 16:30:39 Entry name: RSI Megademo Tribute
2022/06/01 16:30:39 Type: C64 Graphics
2022/06/01 16:30:39 Released by: Hokuto Force
2022/06/01 16:30:40 Entry name: Music 7
2022/06/01 16:30:40 Type: C64 Music
2022/06/01 16:30:40 Released by: Vision
2022/06/01 16:30:40 Entry name: World Charts 1
2022/06/01 16:30:40 Type: C64 Graphics
2022/06/01 16:30:41 Entry name: World Charts 2
2022/06/01 16:30:41 Type: C64 Graphics
2022/06/01 16:30:42 Entry name: My World
2022/06/01 16:30:42 Type: C64 Graphics
2022/06/01 16:30:42 Entry name: Pain Remains
2022/06/01 16:30:42 Type: C64 Music
2022/06/01 16:30:42 Released by: TempesT
2022/06/01 16:30:43 Entry name: Utopia Version 2
2022/06/01 16:30:43 Type: C64 Music
2022/06/01 16:30:43 Released by: Civitas
2022/06/01 16:30:43 Entry name: Sanguis Et Cinis
2022/06/01 16:30:43 Type: C64 Music
2022/06/01 16:30:43 Entry name: Beyond
2022/06/01 16:30:43 Type: C64 Music
2022/06/01 16:30:43 Released by: Cyberzound Productions
2022/06/01 16:30:43 Released by: Maniacs of Noise
2022/06/01 16:30:43 Entry name: Ragged #06
2022/06/01 16:30:43 Type: C64 Diskmag
2022/06/01 16:30:43 Released by: Penis-Fucktory
2022/06/01 16:30:45 Entry name: When the Sun Goes Down
2022/06/01 16:30:45 Type: C64 Graphics
2022/06/01 16:30:45 Released by: Hokuto Force
2022/06/01 16:30:45 Released by: Nightfall
2022/06/01 16:30:46 Entry name: 40 Places and 80 Spaces
2022/06/01 16:30:46 Type: C64 Demo
2022/06/01 16:30:47 Entry name: Fire Intro
2022/06/01 16:30:47 Type: C64 Crack Intro
2022/06/01 16:30:47 Released by: Blazon
2022/06/01 16:30:48 Entry name: Koala Picture Show
2022/06/01 16:30:48 Type: C64 Graphics Collection
2022/06/01 16:30:48 Released by: User Club Darmstadt
2022/06/01 16:30:49 Entry name: Cement Show 3
2022/06/01 16:30:49 Type: C64 One-File Demo
2022/06/01 16:30:49 Released by: Cement Crew
2022/06/01 16:30:50 Entry name: One Monkey and 1000 Keys
2022/06/01 16:30:50 Type: C64 Music
2022/06/01 16:30:50 Entry name: Random Pixels
2022/06/01 16:30:50 Type: C64 Graphics
2022/06/01 16:30:51 Entry name: Griffon
2022/06/01 16:30:51 Type: C64 Graphics
2022/06/01 16:30:51 Entry name: Mulan
2022/06/01 16:30:51 Type: C64 Graphics
2022/06/01 16:30:51 Entry name: Amphibian
2022/06/01 16:30:51 Type: C64 Graphics
2022/06/01 16:30:52 Entry name: Confrontation
2022/06/01 16:30:52 Type: C64 Graphics
2022/06/01 16:30:52 Entry name: Tora
2022/06/01 16:30:52 Type: C64 Graphics
2022/06/01 16:30:52 Entry name: Ama
2022/06/01 16:30:52 Type: C64 Graphics
2022/06/01 16:30:52 Entry name: Ryuma
2022/06/01 16:30:52 Type: C64 Graphics
2022/06/01 16:30:53 Entry name: Ahsoka
2022/06/01 16:30:53 Type: C64 Graphics
2022/06/01 16:30:53 Entry name: Druid Quest
2022/06/01 16:30:53 Type: C64 Graphics
2022/06/01 16:30:53 Entry name: Chani
2022/06/01 16:30:53 Type: C64 Graphics
2022/06/01 16:30:54 Entry name: H_n_h
2022/06/01 16:30:54 Type: C64 Graphics
2022/06/01 16:30:54 Entry name: Gallahad
2022/06/01 16:30:54 Type: C64 Graphics
2022/06/01 16:30:54 Entry name: Retroid
2022/06/01 16:30:54 Type: C64 Graphics
2022/06/01 16:30:54 Entry name: Zelda - Overworld
2022/06/01 16:30:54 Type: C64 Music
2022/06/01 16:30:54 Released by: Hokuto Force
2022/06/01 16:30:55 ==========================================
2022/06/01 16:30:55 =======          APP END.         ========
2022/06/01 16:30:55 ==========================================
